Job ID: 9846
Node: node002 echo Starting: 11/14/24 21:36:16
aballo
CONFIG 
 {'batch_size': 10, 'embedding_size': 128, 'hidden_size': 512, 'n_epochs': 10, 'learning_rate': 0.001, 'weight_decay': 1e-05, 'beam_size': 5, 'n_layers': 2, 'useCustom': True}
Reading file...
Transfer numbers...
Indexing words...
keep_words 66 / 186 = 0.3548
Indexed 69 words in input language, 30 words in output
Number of training data 246
Number of testind data 246
fold: 1
epoch: 1


/home/aballo/math_seq2tree/src/models.py:581: UserWarning: Implicit dimension choice for softmax has been deprecated. Change the call to include dim=X as an argument.
  smqkt = nn.functional.softmax(qkt)
/home/aballo/math_seq2tree/src/models.py:613: UserWarning: Implicit dimension choice for softmax has been deprecated. Change the call to include dim=X as an argument.
  smqkt = nn.functional.softmax(qkt)
Equation 0
        prediction: ['0.5', '6', '6']
        actual: ['+', 'Y', 'N1']
        prediction: ['0.5', '0.5', '6']
        actual: ['+', 'Y', 'X']
        prediction: ['6', '6', '1']
        actual: ['-', 'Y', 'X']
        prediction: ['1', '6', '6', '6', '6', '1', '1', '6', '6']
        actual: ['+', '*', 'N1', 'X', '*', 'N2', '+', 'X', '1']
        prediction: ['6', '6', '1']
        actual: ['+', 'Y', 'X']
        prediction: ['6', '10', '6']
        actual: ['*', 'N1', 'X']
        prediction: ['1', '6', '6', '6', '6']
        actual: ['+', '*', 'N0', 'X', 'N1']
        prediction: ['1', '6', '6', '6', '6', '6', '6', ' ', '1', '1', '6', '6', '0.5', '6', '6', '*', '1']
        actual: ['+', '+', '+', '+', '-', '*', '2', 'X', '1', '*', '2', 'X', '1', '*', '2', 'X', 'N0']
        prediction: ['6', '6', '6', '6', '6', '6', '6', '6', '6']
        actual: ['+', '*', 'N0', 'X', '+', '*', 'N0', 'X', 'N0']
        prediction: ['1', '6', '6', '6', '6', '6']
        actual: ['*', 'X', ' ', ' ', 'N0', ' ']
Equation 1
        prediction: ['6', '10', '6', '6', '1', '6', '6']
        actual: ['+', '*', '2', 'X', '*', 'N2', 'Y']
        prediction: ['6', '1', '0.5', '6', '6', '6', '6']
        actual: ['+', '*', 'N0', 'Y', '*', 'N2', 'X']
        prediction: ['0.5', '6', '6', '10', '6']
        actual: ['-', '*', 'N3', 'Y', 'N2']
        prediction: []
        actual: []
        prediction: ['6', '6', '1']
        actual: ['*', '2', 'X']
        prediction: ['1', '6', '6']
        actual: ['+', 'Y', 'X']
        prediction: []
        actual: []
        prediction: []
        actual: []
        prediction: []
        actual: []
        prediction: []
        actual: []


Equation 0
        prediction: ['*', '*', '*', '*', '*']
        actual: ['-', '*', 'N1', 'Y', 'X']
        prediction: ['*', '*', '*']
        actual: ['+', 'Y', 'X']
        prediction: ['*', '*', '*']
        actual: ['+', 'Y', 'X']
        prediction: ['*', '*', '*', '*', '*', '*', '*', '*', '*', '*', '*', '*', '*', '*', '*', '*', '*', '*', '*', '*', '*']
        actual: ['+', '+', '-', '*', '2', 'X', '1', '*', '2', '+', '*', '2', 'X', '1', '*', '3', '+', '*', '2', 'X', '3']
        prediction: ['*', '*', '*', '*', '*', '*', '*']
        actual: ['+', '*', 'N0', 'X', '*', 'N1', 'X']
        prediction: ['*', '*', '*']
        actual: ['+', 'Y', 'X']
        prediction: ['*', '*', '*']
        actual: ['-', 'X', 'N1']
        prediction: ['*', '*', '*', '*', '*', '*', '*', '*', '*', '*', '*', '*', '*', '*', '*', '*', '*', '*', '*', '*', '*']
        actual: ['+', '+', '+', '+', '+', '+', '*', '2', 'X', '*', '2', 'X', '2', '*', '2', 'X', '4', '*', '2', 'X', '6']
        prediction: ['*', '*', '*', '*', '*', '*', '*', '*', '*', '*', '*']
        actual: ['*', '+', '+', '+', '+', 'X', 'X', 'N1', 'X', '2', '0.5']
        prediction: ['*', '*', '*', '*', '*']
        actual: ['*', '*', 'X', '0.01', 'N0']
Equation 1
        prediction: ['*', '*', '*', '*', '*', '*', '*']
        actual: ['+', '*', 'N0', 'X', '*', 'N3', 'Y']
        prediction: ['*', '*', '*', '*', '*', '*', '*', '*', '*', '*', '*']
        actual: ['-', '-', '+', '*', '10', 'Y', 'X', 'Y', '*', '10', 'X']
        prediction: ['*', '*', '*', '*', '*']
        actual: ['+', 'Y', '*', 'N0', 'X']
        prediction: []
        actual: []
        prediction: []
        actual: []
        prediction: ['*', '*', '*', '*', '*']
        actual: ['+', 'Y', '*', '2', 'X']
        prediction: ['*', '*', '*']
        actual: ['+', 'Y', 'X']
        prediction: []
        actual: []
        prediction: []
        actual: []
        prediction: []
        actual: []


Equation 0
        prediction: ['*', '*', '*']
        actual: ['-', 'X', 'Y']
        prediction: ['*', '*', '*', '*', '*', '*', '*', '*', '*']
        actual: ['-', '*', '+', 'X', '3', 'N2', '*', '1', 'X']
        prediction: ['*', '*', '*']
        actual: ['+', 'Y', 'X']
        prediction: ['*', '*', '*', '*', '*']
        actual: ['-', '*', 'N3', 'X', 'N1']
        prediction: ['*', '*', '*', '*', '*', '*', '*']
        actual: ['+', 'X', '*', 'N0', '+', 'X', '1']
        prediction: ['*', '*', '*', '*', '*']
        actual: ['*', 'N0', '+', 'X', 'N1']
        prediction: ['*', '*', '*', '*']
        actual: ['+', '-', 'X', 'N0']
        prediction: ['*', '*', '*', '*', '*']
        actual: ['*', '*', '6', '0.01', '6']
        prediction: ['*', '*', '*', '*', '*', '*', '*', '*', '*', '*', '*', '*', '*', '*', '*', '*', '*', '*', '*', '*', '*']
        actual: ['+', '+', '+', '+', '+', '+', '*', '2', 'X', '*', '2', 'X', '2', '*', '2', 'X', 'N0', '*', '2', 'X', '6']
        prediction: ['*', '*', '*', '*', '*']
        actual: ['*', '*', 'N0', '0.01', 'X']
Equation 1
        prediction: ['*', '*', '*', '*', '*', '*', '*']
        actual: ['+', '*', '2', 'X', '*', 'N2', 'Y']
        prediction: []
        actual: []
        prediction: ['*', '*', '*', '*', '*']
        actual: ['+', 'N2', '*', 'N3', 'X']
        prediction: ['*', '*', '*']
        actual: ['+', 'Y', 'X']
        prediction: []
        actual: []
        prediction: []
        actual: []
        prediction: []
        actual: []
        prediction: []
        actual: []
        prediction: []
        actual: []
        prediction: []
        actual: []


Equation 0
        prediction: ['*', '*', '*']
        actual: ['-', 'Y', 'N1']
        prediction: ['*', '*', '*']
        actual: ['-', 'Y', 'N1']
        prediction: ['*', '*', '*', '*', '*', '*', '*']
        actual: ['+', '*', 'N1', 'X', '*', 'N2', 'Y']
        prediction: ['*', '*', '*', '*', '*']
        actual: ['-', '*', 'N1', 'X', 'N0']
        prediction: ['*', '*', '*']
        actual: ['-', 'Y', 'X']
        prediction: ['*', '*', '*']
        actual: ['*', 'N1', 'Y']
        prediction: ['*', '*', '*']
        actual: ['-', 'Y', 'N0']
        prediction: ['*', '*', '*']
        actual: ['*', 'N1', 'Y']
        prediction: ['*', '*', '*', '*', '*', '*', '*']
        actual: ['*', 'X', '+', '1', '*', '0.01', 'N0']
        prediction: ['*', '*', '*', '*', '*', '*', '*', '*', '*']
        actual: ['+', '+', '+', '+', 'X', 'X', '1', 'X', '2']
Equation 1
        prediction: ['*', '*', '*']
        actual: ['-', 'X', 'N2']
        prediction: ['*', '*', '*']
        actual: ['-', 'X', 'N2']
        prediction: ['*', '*', '*', '*', '*', '*', '*']
        actual: ['-', '*', 'N4', 'X', '*', 'N0', 'Y']
        prediction: []
        actual: []
        prediction: ['*', '*', '*', '*', '*', '*', '*']
        actual: ['+', '*', 'N2', 'Y', '*', '2', 'X']
        prediction: ['*', '*', '*']
        actual: ['-', 'X', 'Y']
        prediction: ['*', '*', '*']
        actual: ['+', 'X', 'Y']
        prediction: ['*', '*', '*']
        actual: ['+', 'Y', 'X']
        prediction: []
        actual: []
        prediction: []
        actual: []
Equation 2
        prediction: ['*', '*', '*']
        actual: ['*', '2', 'Z']
        prediction: ['*', '*', '*']
        actual: ['*', '2', 'Z']
        prediction: []
        actual: []
        prediction: []
        actual: []
        prediction: []
        actual: []
        prediction: []
        actual: []
        prediction: []
        actual: []
        prediction: []
        actual: []
        prediction: []
        actual: []
        prediction: []
        actual: []


Equation 0
        prediction: ['*', '*', '*']
        actual: ['+', 'N1', '1']
        prediction: ['*', '*', '*']
        actual: ['+', 'N1', 'X']
        prediction: ['*', '*', '*']
        actual: ['-', 'X', 'N1']
        prediction: ['+', '*', '*', '*', '*', '*', '*']
        actual: ['-', '*', 'X', '6', '*', 'X', '6']
        prediction: ['*', '*', '*', '*', '*', '*', '*', '*', '*']
        actual: ['+', '*', 'N0', 'X', '+', '*', 'N0', 'X', 'N0']
        prediction: ['*', '*', '*', '*', '*']
        actual: ['+', '*', 'N1', 'X', 'N0']
        prediction: ['*', '*', '*', '*', '*', '*', '*']
        actual: ['+', '-', ' ', '*', '1', 'X', 'N0']
        prediction: ['*', '*', '*', '*', '*', '*', '*', '*', '*']
        actual: ['+', '*', 'N0', 'X', '+', '*', 'N0', 'X', 'N0']
        prediction: ['+', '*', '*', '*', '*', '*', '*', '*', '*']
        actual: ['+', '*', 'N0', 'X', '+', '*', 'N0', 'X', 'N0']
        prediction: ['*', '*', '*', '*', '*']
        actual: ['*', '*', '0.01', 'X', 'N0']
Equation 1
        prediction: ['*', '*', '*', '*', '*']
        actual: ['+', '*', 'N0', '11', '1']
        prediction: ['*', '*', '*', '*', '*']
        actual: ['+', 'X', '*', 'N3', 'Y']
        prediction: ['*', '*', '*', '*', '*', '*', '*']
        actual: ['-', '*', 'N2', 'Y', '*', 'N3', 'X']
        prediction: []
        actual: []
        prediction: []
        actual: []
        prediction: []
        actual: []
        prediction: []
        actual: []
        prediction: []
        actual: []
        prediction: []
        actual: []
        prediction: []
        actual: []


Equation 0
        prediction: ['+', '*', '*', 'N1', '*', '*', '+']
        actual: ['+', '*', 'N0', 'X', '*', '2', 'X']
        prediction: ['+', '*', '*', '*', '*', '*', '*', '+', '*', '*', '*', '+', '*', '*', '*', '+', '*']
        actual: ['+', '+', '+', '+', '+', '*', '2', 'X', '1', '*', '2', 'X', 'N0', '*', '2', 'X', '5']
        prediction: ['+', '*', '*', '+', '*', '*', '*']
        actual: ['+', '*', '2', 'X', '*', '3', 'X']
        prediction: ['+', '*', '*', '*', '+', 'N0', '*', 'N0', 'N1']
        actual: ['+', '+', '*', 'N0', 'X', '*', 'N0', 'X', 'N0']
        prediction: ['+', '*', '*', '*', '+', '*', '*', 'N0', '*']
        actual: ['+', '+', '*', 'N0', 'X', '*', 'N0', 'X', 'N0']
        prediction: ['+', '*', 'N0', '*', '*']
        actual: ['+', 'X', '+', 'X', '1']
        prediction: ['+', '*', '*', '*', 'N0', 'N0', '*', '*', '*', 'N0', '*']
        actual: ['+', '+', '*', 'N0', 'X', '1', '+', '*', 'N0', 'X', '3']
        prediction: ['+', '*', '*', '*', '*', '*', '*', '*', 'N0']
        actual: ['+', '+', 'X', '+', 'X', '1', '+', 'X', '2']
        prediction: ['+', '*', '*', 'N0', '*', '*', 'N1', '*', 'N0']
        actual: ['+', '+', 'X', '+', 'X', '2', '+', 'X', '4']
        prediction: ['+', '*', '*', '*', '*', '*', '*', '*', '*', 'N1', '*', '*', '*', 'N1', 'N1', '*', 'N0']
        actual: ['+', '+', '+', '+', '-', 'X', '2', '-', 'X', '1', 'X', '+', 'X', '1', '+', 'X', '2']


Equation 0
        prediction: ['+', '+', 'N1', '+', 'N3', '+', 'N2', 'N4', 'N3', 'N4', 'N2']
        actual: ['-', '-', '+', '*', 'N4', 'Y', 'X', '*', 'N4', 'X', 'Y']
        prediction: ['+', '+', '*', '+', '2', 'N0', 'N0', '+', 'N1']
        actual: ['+', '*', 'N0', 'X', '*', 'N2', '+', 'X', '1']
        prediction: ['+', '+', '+', 'N1', '+', 'N0', 'N0']
        actual: ['+', '-', '*', '2', 'X', 'X', 'N0']
        prediction: ['+', '+', 'N0']
        actual: ['+', 'Y', 'X']
        prediction: ['+', '+', 'N0', '+', 'N0', '+', '*', '+', 'N0']
        actual: ['+', '*', 'N0', 'X', '+', '*', 'N0', 'X', 'N0']
        prediction: ['+', '+', '+', '+', 'N0', '+', 'N0', '+', '+']
        actual: ['+', '+', '-', 'X', '1', 'X', '+', 'X', '1']
        prediction: ['+', '+', 'N0', '+', 'N0', 'N0', 'N0', '+', 'N1']
        actual: ['+', '*', 'N0', 'X', '+', '*', 'N0', 'X', 'N0']
        prediction: ['+', 'N0', 'N0', 'N0', '*']
        actual: ['*', '1', ' ', ' ', 'N1']
        prediction: ['+', '+', '2', 'N0', '+', '2', 'N0', '+', 'N0']
        actual: ['+', '+', 'X', '+', 'X', '1', '+', 'X', '2']
        prediction: ['+', 'N0', 'N0']
        actual: ['*', '1', '5']
Equation 1
        prediction: ['+', '+', 'N5']
        actual: ['+', 'Y', 'X']
        prediction: []
        actual: []
        prediction: []
        actual: []
        prediction: ['+', 'N0', 'N1']
        actual: ['-', 'Y', 'X']
        prediction: []
        actual: []
        prediction: []
        actual: []
        prediction: []
        actual: []
        prediction: []
        actual: []
        prediction: []
        actual: []
        prediction: []
        actual: []


Equation 0
        prediction: ['+', '+', '+', '*', '-', '+', '*', '+', '+']
        actual: ['+', '+', '*', '2', 'X', '*', '2', 'X', '2']
        prediction: ['+', '+', '+']
        actual: ['-', 'Y', 'X']
        prediction: ['+', '+', '*', '+', '+']
        actual: ['-', '*', '2', 'X', 'N0']
        prediction: ['+', '+', '+']
        actual: ['+', 'Y', 'X']
        prediction: ['+', '+', '+']
        actual: ['+', 'Y', 'X']
        prediction: ['+', '+', '+', '+', '+', '*', '+', '+', '+', '+', '*', '+', '+', '+', '+', '*', '+', '+', '+', '+', '*', '+', '+']
        actual: ['+', '+', '+', '-', '*', '2', 'X', '3', '-', '*', '2', 'X', '1', '+', '*', '2', 'X', '1', '+', '*', '2', 'X', '3']
        prediction: ['+', '*', '+', '+', '+']
        actual: ['*', 'N0', '+', 'X', '11']
        prediction: ['+', '+', '+']
        actual: ['+', 'Y', '1']
        prediction: ['+', '+', '*', '+', '+', '+', '*', '+', '+']
        actual: ['+', '*', 'N0', 'X', '+', '*', 'N0', 'X', 'N0']
        prediction: ['+', '*', '+', '+']
        actual: ['*', 'X', ' ', 'N1']
Equation 1
        prediction: []
        actual: []
        prediction: ['+', '+', '+', '*', '+']
        actual: ['+', 'N2', '*', '2', 'X']
        prediction: []
        actual: []
        prediction: ['+', '+', '+']
        actual: ['-', 'X', 'Y']
        prediction: ['+', '+', '+']
        actual: ['-', 'Y', 'X']
        prediction: []
        actual: []
        prediction: []
        actual: []
        prediction: ['+', '+', '+']
        actual: ['+', 'X', '1']
        prediction: []
        actual: []
        prediction: []
        actual: []
Equation 2
        prediction: []
        actual: []
        prediction: []
        actual: []
        prediction: []
        actual: []
        prediction: []
        actual: []
        prediction: []
        actual: []
        prediction: []
        actual: []
        prediction: []
        actual: []
        prediction: ['+', '+', '+', '+', '+']
        actual: ['+', '+', 'Y', 'X', 'Z']
        prediction: []
        actual: []
        prediction: []
        actual: []


Equation 0
        prediction: ['+', '+', '*', '+', '+', '*', '+']
        actual: ['+', '*', 'N0', 'Y', '*', 'N2', 'X']
        prediction: ['+', '+', '*', '+', '+', '*', '+', '+', '+']
        actual: ['+', '*', 'N0', 'X', '*', 'N2', '+', 'X', '1']
        prediction: ['+', '+', '+']
        actual: ['+', 'Y', '2']
        prediction: ['+', '*', '+']
        actual: ['*', '2', 'X']
        prediction: ['+', '+', '+', '*', '*', '+', '+', '+', '+', '*', '+', '+', '+', '+', '*', '+', '+']
        actual: ['+', '+', '-', '*', '2', 'X', '1', '+', '*', '2', 'X', '1', '+', '*', '2', 'X', 'N0']
        prediction: ['+', '+', '*', '+', '+', '+', '+', '+', '+']
        actual: ['+', '+', 'X', '+', 'X', '1', '+', 'X', '2']
        prediction: ['+', '+', '+', '+', '+', '+', '+', '+', '+']
        actual: ['+', '+', '+', '-', 'X', '2', 'X', 'X', '2']
        prediction: ['+', '+', '+']
        actual: ['+', 'Y', '1']
        prediction: ['+', '+', '*', '+', '+']
        actual: ['-', '*', '2', 'X', 'N0']
        prediction: ['+', '*', '*', '+', '+']
        actual: ['*', '*', 'X', '0.01', 'N0']
Equation 1
        prediction: ['+', '+', '*', '+', '+']
        actual: ['-', '*', 'N0', 'Y', 'X']
        prediction: []
        actual: []
        prediction: ['*', '*', '+']
        actual: ['+', 'X', '2']
        prediction: ['*', '*', '+']
        actual: ['+', 'Y', 'X']
        prediction: []
        actual: []
        prediction: []
        actual: []
        prediction: []
        actual: []
        prediction: ['*', '*', '+']
        actual: ['+', 'X', '1']
        prediction: []
        actual: []
        prediction: []
        actual: []
Equation 2
        prediction: []
        actual: []
        prediction: []
        actual: []
        prediction: ['*', '*', '+', '+', '+']
        actual: ['+', '+', 'Y', 'X', 'Z']
        prediction: []
        actual: []
        prediction: []
        actual: []
        prediction: []
        actual: []
        prediction: []
        actual: []
        prediction: ['*', '*', '+', '+', '*']
        actual: ['+', '+', 'Y', 'X', 'Z']
        prediction: []
        actual: []
        prediction: []
        actual: []


Equation 0
        prediction: ['+', '+', '+']
        actual: ['+', 'X', 'Y']
        prediction: ['+', '+', '*', '+', '+', '+', '+', '+', '+']
        actual: ['+', '+', '+', '-', 'X', '2', 'X', 'X', '2']
        prediction: ['+', '*', '-']
        actual: ['*', 'N1', 'X']
        prediction: ['+', '*', '+', '*', '+']
        actual: ['+', 'X', '*', 'N0', 'X']
        prediction: ['+', '+', '*', '+', '+', '*', '+', '*', '*', '+', '+']
        actual: ['+', '*', 'N0', 'X', '*', 'N0', '+', '*', 'N0', 'X', 'N0']
        prediction: ['+', '*', '+', '*', '+']
        actual: ['+', 'N0', '*', 'N0', 'X']
        prediction: ['+', '*', '*', '*', '+', '*', '+', '*', '+']
        actual: ['+', '+', '-', 'X', '1', 'X', '+', 'X', '1']
        prediction: ['+', '+', '*', '+', '+']
        actual: ['+', '+', 'X', 'X', '1']
        prediction: ['+', '*', '*', '+', '*', '+', '*', '*', '+', '*', '+']
        actual: ['-', '+', '1', '*', 'N0', ' ', ' ', '2', '*', '1', '2']
        prediction: ['+', '+', '+']
        actual: ['+', 'Y', '1']
Equation 1
        prediction: ['+', '*', '+']
        actual: ['-', 'X', 'Y']
        prediction: []
        actual: []
        prediction: ['*', '*', '+']
        actual: ['+', 'Y', 'X']
        prediction: []
        actual: []
        prediction: []
        actual: []
        prediction: []
        actual: []
        prediction: []
        actual: []
        prediction: []
        actual: []
        prediction: ['*', '*', '*', '*', '+', '-', '+', '*', '*', '*', '+', '*', '*']
        actual: ['+', '*', '*', 'X', 'N0', '0.5', ' ', '*', ' ', 'N0', ' ', ' ', '0.5']
        prediction: ['*', '*', '+']
        actual: ['+', 'X', '1']
Equation 2
        prediction: []
        actual: []
        prediction: []
        actual: []
        prediction: []
        actual: []
        prediction: []
        actual: []
        prediction: []
        actual: []
        prediction: []
        actual: []
        prediction: []
        actual: []
        prediction: []
        actual: []
        prediction: []
        actual: []
        prediction: ['*', '*', '*', '+', '+']
        actual: ['+', '+', 'Y', 'X', 'Z']


Equation 0
        prediction: ['+', '*', '+']
        actual: ['+', 'N1', 'Y']
        prediction: ['+', '*', '+']
        actual: ['*', '2', 'Y']
        prediction: ['+', '*', '-']
        actual: ['+', 'Y', 'X']
        prediction: ['+', '+', '*', '+', '*', '*', '+', '+', '-']
        actual: ['+', '*', 'N1', 'X', '*', '2', '+', 'X', '1']
        prediction: ['+', '*', '*', '*', '+', '*', '*', '*', '*', '*', '*']
        actual: ['+', '-', '*', '2', 'X', '1', '+', '*', '2', 'X', '3']
        prediction: ['+', '*', '+']
        actual: ['+', 'Y', 'X']
        prediction: ['+', '*', '-', '*', '-']
        actual: ['+', 'N1', '*', 'N0', 'X']
        prediction: ['+', '*', '+', '*', '+']
        actual: ['+', 'N0', '*', 'N1', 'X']
        prediction: ['+', '*', '*']
        actual: ['-', 'Y', 'X']
        prediction: ['+', '*', '*', '*', '+', '*', '*', '*', '+']
        actual: ['+', '+', '-', 'X', '1', 'X', '+', 'X', '1']
Equation 1
        prediction: ['+', '*', '-', '*', '-']
        actual: ['+', 'Y', '*', 'N2', 'X']
        prediction: ['*', '*', '-']
        actual: ['+', 'Y', 'X']
        prediction: ['*', '*', '*', '+', '*', '*', '+']
        actual: ['-', '*', 'N2', 'Y', '*', 'N0', 'X']
        prediction: []
        actual: []
        prediction: []
        actual: []
        prediction: ['*', '*', '-']
        actual: ['*', 'N3', 'X']
        prediction: []
        actual: []
        prediction: []
        actual: []
        prediction: ['*', '*', '+']
        actual: ['+', 'Y', 'X']
        prediction: []
        actual: []


Equation 0
        prediction: ['+', '*', '*', '*', '*']
        actual: ['+', '+', 'Y', 'X', 'Z']
        prediction: ['+', '*', '*']
        actual: ['+', 'Y', 'X']
        prediction: ['+', '*', '*']
        actual: ['*', '2', 'Y']
        prediction: ['*', '*', '-', '*', '*']
        actual: ['+', 'N0', '*', '1', 'X']
        prediction: ['+', '*', '*', '*', '*']
        actual: ['*', '*', '1', '0.01', '2']
        prediction: ['+', '*', '*', '*', '*', '*', '*', '*', '*', '*', ' ', '*', '*', '*', '+', '*']
        actual: ['-', '-', '-', '*', '*', '2', '2', 'X', '*', '2', ' ', '2', '*', '2', 'X', '2']
        prediction: ['+', '*', '*', '+', '*']
        actual: ['+', '*', 'N1', 'X', 'N0']
        prediction: ['+', '*', '*', '*', '*']
        actual: ['*', '*', 'N0', '1', 'N2']
        prediction: ['+', '*', '*', '*', '*']
        actual: ['*', '*', 'N0', '0.01', 'N1']
        prediction: ['+', '*', '*', '-', '*']
        actual: ['*', '*', 'N1', '0.01', 'X']
Equation 1
        prediction: ['*', '*', '*', ' ', '*']
        actual: ['+', '*', 'N3', 'Y', 'N2']
        prediction: ['*', '*', '*', '-', '*', '*', '+']
        actual: ['+', '*', 'N0', 'Y', '*', 'N2', 'X']
        prediction: ['*', '*', '*']
        actual: ['+', 'Y', 'X']
        prediction: []
        actual: []
        prediction: []
        actual: []
        prediction: []
        actual: []
        prediction: []
        actual: []
        prediction: []
        actual: []
        prediction: []
        actual: []
        prediction: []
        actual: []
Equation 2
        prediction: ['*', '*', '*', '*', '*']
        actual: ['-', '*', '3', 'Y', 'N4']
        prediction: []
        actual: []
        prediction: []
        actual: []
        prediction: []
        actual: []
        prediction: []
        actual: []
        prediction: []
        actual: []
        prediction: []
        actual: []
        prediction: []
        actual: []
        prediction: []
        actual: []
        prediction: []
        actual: []


Equation 0
        prediction: ['+', '*', '*', '1', '*', '1', '*', '1', '*', '*', '*', '*', '*']
        actual: ['+', '+', 'X', '*', 'N2', '+', 'X', 'N2', '*', '3', '+', 'X', '4']
        prediction: ['+', '*', '1']
        actual: ['+', 'X', 'N1']
        prediction: ['+', '*', '1']
        actual: ['+', 'N1', 'X']
        prediction: ['+', '*', '*']
        actual: ['+', 'Y', 'X']
        prediction: ['+', '*', '*', '1', '*', '*', '1', '*', '*', '*', '*', '*', '1']
        actual: ['+', '*', 'N1', '-', '*', 'N0', 'X', '1', '+', '*', 'N0', 'X', '1']
        prediction: ['+', '*', '*']
        actual: ['+', 'Y', 'X']
        prediction: ['+', '+', '*', '*', '*', '*', '*', '*', '*', '*', '*', '*', '*', '*', '*', '*', '*', '*', '1', '*', '*', '1', '1']
        actual: ['+', '+', '+', '-', '*', '2', 'X', '3', '-', '*', '2', 'X', '1', '+', '*', '2', 'X', '1', '+', '*', '2', 'X', '3']
        prediction: ['+', '*', '*', '*', '*', '*', '*', '*', '*', '*', '*', '*', '1', '*', '*', '*', '1', '*', '1', '*', '*', '*', '*']
        actual: ['+', '+', '+', '+', '*', '2', 'X', '1', '+', '*', '2', 'X', '3', '+', '*', '2', 'X', '5', '+', '*', '2', 'X', '7']
        prediction: ['+', '+', '*', '*', '*', '1', '1', '*', '*', '+', '1', '*', '*', '1', '*']
        actual: ['+', '+', '-', '*', '2', 'X', '2', '*', '2', 'X', '+', '*', '2', 'X', '2']
        prediction: ['+', '*', '*', '1', '1']
        actual: ['*', '*', 'N1', '0.01', 'X']
Equation 1
        prediction: []
        actual: []
        prediction: ['*', '*', '*', '1', '*', '*', '1']
        actual: ['-', '*', 'N2', 'X', '*', 'N3', 'Y']
        prediction: ['*', '*', '*', '*', '*', '*', '*']
        actual: ['+', '*', '2', 'Y', '*', 'N2', 'X']
        prediction: ['*', '*', '*']
        actual: ['*', '2', 'X']
        prediction: []
        actual: []
        prediction: ['*', '*', '*']
        actual: ['-', 'Y', 'X']
        prediction: []
        actual: []
        prediction: []
        actual: []
        prediction: []
        actual: []
        prediction: []
        actual: []


Equation 0
        prediction: ['+', '*', '*']
        actual: ['+', 'X', 'N0']
        prediction: ['*', '*', '*', '*', '*', '*', '1', '1', '*', '*', '*', '1', '1', '*', '*', '*', '1']
        actual: ['+', '+', '-', '*', '2', 'X', '1', '+', '*', '2', 'X', '1', '+', '*', '2', 'X', '3']
        prediction: ['+', '*', '*', '*', '1', '1', '1', '*', '*', '1', '1']
        actual: ['+', '-', '*', '2', 'X', '1', '+', '*', '2', 'X', 'N0']
        prediction: ['+', '*', '*', '*', '*', '*', '1', '1', '*', '*', '1', '*', '*', '*', '*', '*', '*']
        actual: ['+', '+', '-', '*', '2', 'X', '1', '+', '*', '2', 'X', '1', '+', '*', '2', 'X', '3']
        prediction: ['+', '*', '*']
        actual: ['+', 'Y', '1']
        prediction: ['+', '*', '*', '*', '1']
        actual: ['*', '2', '+', 'X', 'N0']
        prediction: ['+', '*', '*', '1', '*', '1', '*', '*', '1']
        actual: ['+', '+', 'X', '+', 'X', '1', '+', 'X', '2']
        prediction: ['+', '*', '1']
        actual: ['-', 'N0', 'X']
        prediction: ['+', '*', '*', '*', '*', '1', '1', '1', '*', '*', '*', '1', '1', '*', '*', '1', '1']
        actual: ['+', '+', '-', '*', '2', 'X', '1', '+', '*', '2', 'X', '1', '+', '*', '2', 'X', 'N0']
        prediction: ['+', '*', '1']
        actual: ['*', '1', '1']
Equation 1
        prediction: []
        actual: []
        prediction: []
        actual: []
        prediction: []
        actual: []
        prediction: []
        actual: []
        prediction: ['*', '*', '1']
        actual: ['+', 'X', '1']
        prediction: []
        actual: []
        prediction: []
        actual: []
        prediction: []
        actual: []
        prediction: []
        actual: []
        prediction: []
        actual: []
Equation 2
        prediction: []
        actual: []
        prediction: []
        actual: []
        prediction: []
        actual: []
        prediction: []
        actual: []
        prediction: ['*', '*', '*', '1', '1']
        actual: ['+', '+', 'Y', 'X', 'Z']
        prediction: []
        actual: []
        prediction: []
        actual: []
        prediction: []
        actual: []
        prediction: []
        actual: []
        prediction: []
        actual: []


Equation 0
        prediction: ['+', '*', '1']
        actual: ['-', 'Y', 'X']
        prediction: ['+', '*', '*', '1', '1', '*', '1', '*', '*', '1', '1']
        actual: ['+', '*', 'N0', 'X', '*', 'N1', '+', '*', 'N0', 'X', 'N0']
        prediction: ['+', '*', '*', '*', '1', '*', '*', '1', '1', '1', '*', '1', '1']
        actual: ['-', '-', '*', '2', '-', '*', '2', 'X', '1', '*', '2', 'X', '1']
        prediction: ['*', '*', '1']
        actual: ['+', 'Y', 'X']
        prediction: ['+', '*', '1']
        actual: ['*', 'N1', 'X']
        prediction: ['+', '*', '*', '*', '*', '*', '*', '1', '1', '1', '*', '1', '1', '1', '*', '*', '1']
        actual: ['+', '+', '+', '+', '+', '*', '2', 'X', '2', '*', '2', 'X', '4', '*', '2', 'X', '6']
        prediction: ['+', '1', '*', '1', '1', '*', '*', '1', '1']
        actual: ['+', '*', 'N0', 'X', '+', '*', 'N0', 'X', 'N0']
        prediction: ['+', '*', '*', '1', '1']
        actual: ['*', '*', '0.01', 'N1', 'X']
        prediction: ['+', '1', '1']
        actual: ['*', '1', 'X']
        prediction: ['+', '*', '1']
        actual: ['*', 'N0', 'N1']
Equation 1
        prediction: ['*', '*', '*', '1', '1']
        actual: ['-', '*', 'N3', 'X', 'N2']
        prediction: []
        actual: []
        prediction: []
        actual: []
        prediction: ['*', '*', '1']
        actual: ['-', 'Y', 'X']
        prediction: ['*', '*', '1']
        actual: ['+', 'Y', 'X']
        prediction: []
        actual: []
        prediction: []
        actual: []
        prediction: []
        actual: []
        prediction: []
        actual: []
        prediction: []
        actual: []


Equation 0
        prediction: ['*', '*', '1', '1', '1', '*', '1', '*', '1']
        actual: ['+', '*', 'N0', 'X', '*', 'N2', '+', 'X', '1']
        prediction: ['*', '*', '*', '1', '1']
        actual: ['-', '*', 'N0', 'X', 'N1']
        prediction: ['+', '*', '1']
        actual: ['*', '2', 'Y']
        prediction: ['*', '*', '1']
        actual: ['-', 'N1', 'N0']
        prediction: ['*', '*', '*', '*', '1', '1', '1', '*', '*', '1', '1']
        actual: ['+', '-', '*', '2', 'X', '1', '+', '*', '2', 'X', '1']
        prediction: ['*', '*', '1']
        actual: ['*', 'N1', 'X']
        prediction: ['+', '*', '*', '1', '*']
        actual: ['+', '+', 'X', 'X', '1']
        prediction: ['+', '*', '*', '*', '*', '*', '1', '1', '*', '*', '1', '1', '1', '*', '*', '1', '1']
        actual: ['+', '+', '+', '*', '2', 'X', '1', '+', '*', '2', 'X', 'N0', '+', '*', '2', 'X', '5']
        prediction: ['+', '1', '1']
        actual: ['-', 'N0', 'X']
        prediction: ['+', '*', '*', '1', '1']
        actual: ['*', '*', 'X', '0.01', '1']
Equation 1
        prediction: []
        actual: []
        prediction: []
        actual: []
        prediction: ['*', '*', '1']
        actual: ['+', 'Y', 'X']
        prediction: ['*', '*', '1', '1', '*', '1', '1']
        actual: ['+', 'N0', '*', '-', 'N3', '1', 'd']
        prediction: []
        actual: []
        prediction: ['*', '*', '*']
        actual: ['+', 'Y', 'X']
        prediction: []
        actual: []
        prediction: []
        actual: []
        prediction: []
        actual: []
        prediction: []
        actual: []
Equation 2
        prediction: []
        actual: []
        prediction: []
        actual: []
        prediction: []
        actual: []
        prediction: ['*', '*', '*', '*', '1', '1', '1', '*', '*', '*', '*', '1', '*', '*']
        actual: ['+', '*', '*', 'N0', 'N3', '0.5', ' ', '*', '*', ' ', 'N3', '0.5', ' ', 'X']
        prediction: []
        actual: []
        prediction: []
        actual: []
        prediction: []
        actual: []
        prediction: []
        actual: []
        prediction: []
        actual: []
        prediction: []
        actual: []


Equation 0
        prediction: ['+', '+', '*']
        actual: ['-', 'Y', 'N1']
        prediction: ['*', '*', '*']
        actual: ['+', 'N1', 'Y']
        prediction: ['*', '*', '*', '*', '*', '*', '*', '*', '*', '1']
        actual: ['+', '*', '*', 'X', 'N2', 'N0', '*', ' ', 'N1', 'N0']
        prediction: ['+', '*', '*', '*', '*', '*', '*', '*', '*', '*', '*', '*', '*', '*', '*', '*']
        actual: ['+', '-', '+', '*', '*', '2', '2', 'X', '*', '2', ' ', '2', '*', '2', 'X', '2']
        prediction: ['+', '*', '*', '1', '*']
        actual: ['*', '*', 'N0', '5', '4']
        prediction: ['+', '*', '*', '*', '*']
        actual: ['+', '1', '*', '2', 'X']
        prediction: ['*', '*', '*', '*', '*', '*', '*', '*', '*', '*', '*', '*', '*', '*', '*', '*', '*', '*', '*', '*', '*', '*', '*']
        actual: ['+', '+', '+', '+', '*', '2', 'X', '1', '+', '*', '2', 'X', '3', '+', '*', '2', 'X', '5', '+', '*', '2', 'X', '7']
        prediction: ['*', '*', '*', '*', '*']
        actual: ['+', '*', 'N1', 'X', 'N0']
        prediction: ['*', '*', '*']
        actual: ['-', 'Y', 'X']
        prediction: ['+', '*', '*', '*', '*', '*', '1', '*', '*', '*', '*', '1', '*', '*', '*', '*', '1']
        actual: ['+', '+', '-', '*', '2', 'X', '1', '+', '*', '2', 'X', '1', '+', '*', '2', 'X', 'N0']
Equation 1
        prediction: ['*', '*', '1']
        actual: ['-', 'X', 'N3']
        prediction: ['+', '*', '*', '*', '1']
        actual: ['-', '*', '3', 'Y', '3']
        prediction: []
        actual: []
        prediction: []
        actual: []
        prediction: []
        actual: []
        prediction: ['*', '*', '*']
        actual: ['-', 'Y', 'X']
        prediction: []
        actual: []
        prediction: []
        actual: []
        prediction: ['*', '*', '*']
        actual: ['+', 'Y', 'X']
        prediction: []
        actual: []
Equation 2
        prediction: ['*', '*', '*']
        actual: ['*', '2', 'Z']
        prediction: ['*', '*', '*']
        actual: ['+', 'N4', 'X']
        prediction: []
        actual: []
        prediction: []
        actual: []
        prediction: []
        actual: []
        prediction: []
        actual: []
        prediction: []
        actual: []
        prediction: []
        actual: []
        prediction: []
        actual: []
        prediction: []
        actual: []


Equation 0
        prediction: ['*', '*', '*', '*', '*', '*', '*']
        actual: ['+', '*', 'N0', 'Y', '*', 'N1', 'X']
        prediction: ['*', '*', '*']
        actual: ['+', 'Y', 'X']
        prediction: ['*', '*', '*', '*', '*', '*', '*', '*', '*', '*', '*', '*', '*']
        actual: ['+', '+', 'X', '*', '2', '+', 'X', '1', '*', '3', '+', 'X', '2']
        prediction: ['+', '*', '*', '*', '*', '*', '*', '*', '*', '*', '*', '*', '*', '*', '*']
        actual: ['-', '+', '+', '+', '+', '+', 'X', '1', 'X', '2', 'X', 'N1', '*', '2', 'X']
        prediction: ['+', '*', '*', '*', '*', '*', '*', '*', '*', '*', '*']
        actual: ['+', '*', 'N0', 'X', '*', 'N1', '+', '*', 'N0', 'X', 'N0']
        prediction: ['*', '*', '*']
        actual: ['+', 'Y', 'X']
        prediction: ['*', '*', '*', '*', '*', '*', '*', '*', '*', '*', '*', '*', '*', '*', '*']
        actual: ['-', '+', '+', '+', 'X', '1', '+', 'X', '2', '+', 'X', 'N1', '*', '2', 'X']
        prediction: ['*', '*', '*']
        actual: ['+', 'Y', '1']
        prediction: ['*', '*', '*', '*', '*', '*', '*', '*', '*', '*', '*', '*', '*', '*', '*', '*', '*']
        actual: ['+', '+', '+', '+', '+', '-', '+', '-', 'X', '2', 'X', '1', 'X', 'X', '1', 'X', '2']
        prediction: ['+', '*', '*']
        actual: ['*', 'N1', 'X']
Equation 1
        prediction: ['*', '*', '*', '*', '*', '*', '*']
        actual: ['-', '*', '2', 'Y', '*', '2', 'X']
        prediction: ['*', '*', '*', '*', '*']
        actual: ['-', 'X', '*', '2', 'Y']
        prediction: []
        actual: []
        prediction: []
        actual: []
        prediction: []
        actual: []
        prediction: ['*', '*', '*']
        actual: ['*', 'N3', 'X']
        prediction: []
        actual: []
        prediction: ['*', '*', '*']
        actual: ['+', 'X', '1']
        prediction: []
        actual: []
        prediction: []
        actual: []
Equation 2
        prediction: []
        actual: []
        prediction: []
        actual: []
        prediction: []
        actual: []
        prediction: []
        actual: []
        prediction: []
        actual: []
        prediction: []
        actual: []
        prediction: []
        actual: []
        prediction: ['*', '*', '*', '*', '*']
        actual: ['+', '+', 'Y', 'X', 'Z']
        prediction: []
        actual: []
        prediction: []
        actual: []


Equation 0
        prediction: ['+', '*', '*', '*', '*']
        actual: ['*', '3', '*', '3', 'X']
        prediction: ['+', '*', '*', '*', '*', '*', '*', '*', '*', '*', '*', '*', '*', '*', '*', '*', '*', '*', '*', '*', '*']
        actual: ['+', '+', '-', '*', '2', 'X', '1', '*', '2', '+', '*', '2', 'X', '1', '*', '3', '+', '*', '2', 'X', '3']
        prediction: ['+', '*', '*', '*', '*', '*', '*', '*', '*']
        actual: ['+', '*', 'N1', 'X', '*', 'N2', '+', 'X', 'N1']
        prediction: ['+', '*', '*']
        actual: ['+', 'Y', 'X']
        prediction: ['+', '*', '*', '*', '*', '+', '*', '*', '*', '*', '+']
        actual: ['+', '+', '*', '*', 'N0', 'N0', 'X', '*', 'N0', 'X', 'N0']
        prediction: ['*', '*', '*']
        actual: ['*', 'N1', 'Y']
        prediction: ['+', '+', '+', '*', '+', '*', '+', '+', '+', '*', '*', '+', '+', '+', '+', '*', '+', '+', '+', '+', '+', '*', '+']
        actual: ['+', '+', '+', '+', '*', '2', 'X', '1', '+', '*', '2', 'X', '3', '+', '*', '2', 'X', '5', '+', '*', '2', 'X', '7']
        prediction: ['+', '*', '*', '*', '*', '*', '*', '*', '*', '*', '*']
        actual: ['+', '+', '+', '*', 'N0', 'X', '1', '*', 'N0', 'X', '3']
        prediction: ['+', '*', '*', '*', '*']
        actual: ['*', '*', 'N1', '0.01', 'X']
        prediction: ['+', '*', '*', '*', '*', '*', '*', '*', '*', '*', '*', '*', '*', '*', '*', '*', '*']
        actual: ['+', '+', '+', '+', '-', 'X', '2', '-', 'X', '1', 'X', '+', 'X', '1', '+', 'X', '2']
Equation 1
        prediction: []
        actual: []
        prediction: []
        actual: []
        prediction: []
        actual: []
        prediction: ['*', '*', '*']
        actual: ['-', 'Y', 'X']
        prediction: []
        actual: []
        prediction: ['*', '*', '*']
        actual: ['+', 'Y', 'X']
        prediction: []
        actual: []
        prediction: []
        actual: []
        prediction: []
        actual: []
        prediction: []
        actual: []


Equation 0
        prediction: ['+', '*', '*', '*', '*']
        actual: ['-', '*', 'N0', 'X', 'N1']
        prediction: ['+', '*', '*']
        actual: ['+', 'Y', 'X']
        prediction: ['+', '*', '*']
        actual: ['-', 'Y', 'X']
        prediction: ['+', '*', '*', '*', '*']
        actual: ['*', 'N0', '+', 'X', 'N1']
        prediction: ['+', '*', '*', '*', '*']
        actual: ['+', 'X', '*', 'N0', 'X']
        prediction: ['+', '*', '*', '*', '*', '*', '*', '*', '*', '*', '*', '*', '*', '*', '*', '*', '*']
        actual: ['+', '+', '+', '+', '+', '*', '2', 'X', '1', '*', '2', 'X', 'N0', '*', '2', 'X', '5']
        prediction: ['+', '*', '*', '*', '*']
        actual: ['*', 'N0', '+', 'N1', 'X']
        prediction: ['+', '*', '*', '*', '*', '*', '*', '*', '*', '*', '*', '*', '*', '*', '*']
        actual: ['+', '+', '-', '*', '2', 'X', '2', '*', '2', 'X', '+', '*', '2', 'X', '2']
        prediction: ['+', '*', '*', '*', '*', '+', '*', '*', '+']
        actual: ['+', '+', 'X', '+', 'X', '1', '+', 'X', '2']
        prediction: ['+', '*', '*', '+', '*']
        actual: ['*', '*', 'N0', '0.01', 'X']
Equation 1
        prediction: []
        actual: []
        prediction: ['*', '*', '*']
        actual: ['*', 'N2', 'X']
        prediction: ['*', '*', '*', '*', '*', '*', '*']
        actual: ['-', '*', 'N2', 'X', '*', '3', 'Y']
        prediction: []
        actual: []
        prediction: []
        actual: []
        prediction: []
        actual: []
        prediction: []
        actual: []
        prediction: []
        actual: []
        prediction: []
        actual: []
        prediction: []
        actual: []


Equation 0
        prediction: ['+', '*', '*', '*', '+', '*', '+']
        actual: ['+', '*', 'N0', 'Y', '*', 'N1', 'X']
        prediction: ['+', '*', '*']
        actual: ['-', 'Y', 'X']
        prediction: ['+', '+', '*']
        actual: ['+', 'Y', 'X']
        prediction: ['+', '*', '*']
        actual: ['*', 'N0', 'X']
        prediction: ['+', '*', '*', '+', '+', '+', '+', '*', '+', '+', '*', '+', '+']
        actual: ['+', '+', '*', 'N0', 'X', '1', '*', 'N1', '-', '*', 'N0', 'X', '1']
        prediction: ['+', '*', '*', '*', '*', '*', '*', '+', '*', '*', '+', '*', '*', '*', '*', '*', '*']
        actual: ['+', '+', '-', '*', '2', 'X', '1', '+', '*', '2', 'X', '1', '+', '*', '2', 'X', 'N0']
        prediction: ['+', '*', '+', '*', '*']
        actual: ['*', 'N0', '+', 'X', 'N1']
        prediction: ['+', '*', '*', '*', '*', '+', '+', '+', '*', '*', '*', '+', '+', '*', '*', '*', '*']
        actual: ['+', '+', '-', '*', '2', 'X', '1', '+', '*', '2', 'X', '1', '+', '*', '2', 'X', 'N0']
        prediction: ['+', '*', '*', '*', '*', '+', '*', '*', '*']
        actual: ['+', '+', '+', '-', 'X', '2', 'X', 'X', '2']
        prediction: ['+', '*', '*', '*', '*', '*', '+', '*', '+']
        actual: ['-', '+', '1', '*', 'N0', '2', '*', '1', '2']
Equation 1
        prediction: ['*', '*', '*', '2', '*', '*', '*']
        actual: ['-', '*', 'N3', 'Y', '*', 'N4', 'X']
        prediction: ['*', '*', '*', '*', '*', '*', '*']
        actual: ['+', '*', 'N3', 'Y', '*', 'N1', 'X']
        prediction: ['*', '*', '*', '*', '*']
        actual: ['-', '*', 'N4', 'X', 'N3']
        prediction: []
        actual: []
        prediction: []
        actual: []
        prediction: []
        actual: []
        prediction: []
        actual: []
        prediction: []
        actual: []
        prediction: []
        actual: []
        prediction: ['*', '*', '*', '*', '*', '+', '+', '*', '*', '*', '+', '*', '*']
        actual: ['+', '*', '*', 'Y', 'N0', '0.5', ' ', '*', ' ', 'N0', ' ', ' ', '0.5']


Equation 0
        prediction: ['+', '*', '*', '*', '+']
        actual: ['*', '*', '2', 'N0', '2']
        prediction: ['*', '*', '*']
        actual: ['+', 'X', 'N1']
        prediction: ['+', '*', '*']
        actual: ['-', 'Y', 'X']
        prediction: ['+', '+', '*']
        actual: ['+', 'N1', 'Y']
        prediction: ['+', '*', '*', '*', '+']
        actual: ['+', '*', '2', 'X', 'N0']
        prediction: ['+', '*', '*', '*', '+']
        actual: ['*', '2', '+', 'X', 'N0']
        prediction: ['+', '+', '*', '*', '+', '*', '*', '*', '+']
        actual: ['+', '+', '-', 'X', '1', 'X', '+', 'X', '1']
        prediction: ['+', '+', '*', '*', '+']
        actual: ['-', '*', '2', 'X', 'N0']
        prediction: ['+', '+', '*', '*', '+', '+', '+', '*', '*', '+', '+']
        actual: ['+', '-', '*', 'N0', 'X', '1', '+', '*', 'N0', 'X', '1']
        prediction: ['+', '+', '+', '+', '*', '+', '+']
        actual: ['*', '+', '1', '*', 'N0', '0.01', 'X']
Equation 1
        prediction: []
        actual: []
        prediction: ['*', '*', '*', '*', '+']
        actual: ['+', 'Y', '*', '2', 'X']
        prediction: ['*', '*', '*', '+', '*', '*', '+']
        actual: ['+', '*', 'N0', 'X', '*', 'N2', 'Y']
        prediction: ['*', '*', '*']
        actual: ['+', 'Y', 'X']
        prediction: []
        actual: []
        prediction: []
        actual: []
        prediction: []
        actual: []
        prediction: []
        actual: []
        prediction: []
        actual: []
        prediction: []
        actual: []


Equation 0
        prediction: ['+', '*', '*', '*', '*']
        actual: ['+', '+', 'Y', 'X', 'Z']
        prediction: ['+', '+', '*']
        actual: ['-', 'Y', '5']
        prediction: ['+', '*', '*', '*', '*', '*', '*', '+', '*', '*', '+', '+', '*', '*', '*', '*', '+']
        actual: ['+', '+', '-', '*', 'N0', 'X', '1', '+', '*', 'N0', 'X', '1', '+', '*', 'N0', 'X', '3']
        prediction: ['+', '*', '*', '+', '+', '*', '*', '*', '*']
        actual: ['+', '*', 'N0', 'X', '*', 'N2', '+', 'X', '1']
        prediction: ['+', '+', '+', '*', '+', '+', '+', '*', '+', '*', '+']
        actual: ['+', '+', '*', 'N0', 'X', 'N0', '*', 'N1', '*', 'N0', 'X']
        prediction: ['+', '*', '*', '*', '*', '*', '+', '+', '+', '*', '*', '*', '+', '+', '*', '*', '*', '+', '+', '*', '*', '*', '*']
        actual: ['+', '+', '+', '+', '*', '2', 'X', '1', '+', '*', '2', 'X', '3', '+', '*', '2', 'X', '5', '+', '*', '2', 'X', '7']
        prediction: ['+', '*', '*']
        actual: ['+', 'Y', '1']
        prediction: ['+', '*', '*', '*', '*', '*', '+']
        actual: ['*', '+', '1', '*', 'N0', '0.01', 'X']
        prediction: ['+', '*', '*', '+', '+', '+', '+', '*', '+', '*', '+']
        actual: ['*', '*', 'N0', '-', '+', '1', '*', '2', 'N0', '1', '0.5']
        prediction: ['+', '*', '*', '*', '*']
        actual: ['*', '*', '0.01', 'N0', 'X']
Equation 1
        prediction: ['+', '*', '*', '*', '+']
        actual: ['+', 'N2', '*', 'N3', 'Y']
        prediction: ['*', '*', '*', '+', '*', '*', '*']
        actual: ['+', '*', 'N1', 'X', '*', '5', 'Y']
        prediction: []
        actual: []
        prediction: []
        actual: []
        prediction: []
        actual: []
        prediction: []
        actual: []
        prediction: ['*', '*', '+']
        actual: ['+', 'X', '1']
        prediction: []
        actual: []
        prediction: []
        actual: []
        prediction: []
        actual: []
Equation 2
        prediction: ['+', '*', '*', '*', '*']
        actual: ['-', '*', '3', 'Y', 'N4']
        prediction: []
        actual: []
        prediction: []
        actual: []
        prediction: []
        actual: []
        prediction: []
        actual: []
        prediction: []
        actual: []
        prediction: ['*', '*', '*', '+', '+']
        actual: ['+', '+', 'Y', 'X', 'Z']
        prediction: []
        actual: []
        prediction: []
        actual: []
        prediction: []
        actual: []


Equation 0
        prediction: ['+', '*', '+']
        actual: ['+', 'X', 'N1']
        prediction: ['+', '*', '*', '+', '2']
        actual: ['*', '2', '+', 'Y', 'X']
        prediction: ['+', '+', '+', '*', '+', '+', '*', '*', '2', '+', '*', '+', '*', '+', '+', '*', '+', '*', '*', '+', '+']
        actual: ['+', '+', '*', 'N1', '-', '*', '2', 'X', '2', '*', 'N2', '*', '2', 'X', '*', 'N3', '+', '*', '2', 'X', '2']
        prediction: ['+', '*', '*', '+', '+', '*', '*', '*', '*', '+', '*', '*', '+', '+', '*', '*', '*']
        actual: ['+', '+', '+', '+', '+', '*', '2', 'X', '1', '*', '2', 'X', 'N0', '*', '2', 'X', '5']
        prediction: ['+', '*', '*']
        actual: ['+', 'Y', 'X']
        prediction: ['+', '+', '*']
        actual: ['+', 'Y', 'X']
        prediction: ['+', '+', '+', '+', '+']
        actual: ['-', '*', '2', 'X', 'N0']
        prediction: ['+', '+', '+', '+', '*', '+', '+', '+', '*', '+', '+']
        actual: ['+', '+', '-', '*', '2', 'X', '1', '*', '2', 'X', '1']
        prediction: ['*', '*', '+', '*', '2']
        actual: ['-', 'N0', '*', 'N1', 'X']
        prediction: ['+', '*', '+']
        actual: ['*', '1', 'X']
Equation 1
        prediction: ['*', '*', '+', '*', '+']
        actual: ['+', 'X', '*', 'N3', 'Y']
        prediction: ['*', '*', '*', '*', '*']
        actual: ['*', '2', '-', 'Y', 'X']
        prediction: []
        actual: []
        prediction: []
        actual: []
        prediction: ['*', '*', '*']
        actual: ['*', 'N3', 'X']
        prediction: ['*', '*', '*']
        actual: ['-', 'Y', 'X']
        prediction: []
        actual: []
        prediction: []
        actual: []
        prediction: []
        actual: []
        prediction: []
        actual: []


Equation 0
        prediction: ['+', '*', '*', '+', '+', '*', '2']
        actual: ['+', '*', '2', 'Y', '*', '5', 'X']
        prediction: ['+', '+', '+', '*', '+', '+', '+', '*', '+', '*', '+']
        actual: ['+', '+', '*', 'N0', 'X', 'N0', '*', 'N0', '*', 'N0', 'X']
        prediction: ['+', '+', '*', '*', '*', '+', '+', '+', '+', '+', '*', '*', '+']
        actual: ['+', '+', '+', '-', 'X', '1', 'X', '+', 'X', '1', '+', 'X', '2']
        prediction: ['+', '*', '+', '+', '*', '*', '*', '*', '*', '*', '+', '+', '*', '*', '+', '*', '*', '+', '2', '2', '*', '+', '*']
        actual: ['+', '+', '+', '+', '-', '+', '-', '*', '2', 'X', '3', '*', '2', 'X', '1', '*', '2', 'X', '1', '*', '2', 'X', '3']
        prediction: ['+', '*', '*', '+', '+']
        actual: ['*', '*', 'N0', '0.01', 'X']
        prediction: ['+', '+', '+', '+', '+', '+', '+', '+', '+']
        actual: ['+', '*', 'N0', 'X', '+', '*', 'N0', 'X', 'N0']
Equation 1
        prediction: ['*', '*', '*', '2', '*']
        actual: ['-', '*', '5', 'Y', 'X']
        prediction: []
        actual: []
        prediction: []
        actual: []
        prediction: []
        actual: []
        prediction: []
        actual: []
        prediction: []
        actual: []
loss: 153752065474.56
--------------------------------


Traceback (most recent call last):
  File "/home/aballo/math_seq2tree/run_seq2tree.py", line 243, in <module>
    test_res = evaluate_tree(test_batch[0], test_batch[1], generate_num_ids, models, output_lang, test_batch[5], vars, useCustom, beam_size=beam_size)
  File "/home/aballo/math_seq2tree/src/train_and_evaluate.py", line 598, in evaluate_tree
    xs = torch.cat((xs, padding), dim=1)
RuntimeError: Expected all tensors to be on the same device, but found at least two devices, cuda:0 and cpu! (when checking argument for argument tensors in method wrapper_CUDA_cat)
Ending: 11/14/24 21:36:33
