Job ID: 9847
Node: node002 echo Starting: 11/14/24 21:38:12
aballo
CONFIG 
 {'batch_size': 10, 'embedding_size': 128, 'hidden_size': 512, 'n_epochs': 10, 'learning_rate': 0.001, 'weight_decay': 1e-05, 'beam_size': 5, 'n_layers': 2, 'useCustom': True}
Reading file...
Transfer numbers...
Indexing words...
keep_words 66 / 186 = 0.3548
Indexed 69 words in input language, 30 words in output
Number of training data 246
Number of testind data 246
fold: 1
epoch: 1


/home/aballo/math_seq2tree/src/models.py:581: UserWarning: Implicit dimension choice for softmax has been deprecated. Change the call to include dim=X as an argument.
  smqkt = nn.functional.softmax(qkt)
/home/aballo/math_seq2tree/src/models.py:613: UserWarning: Implicit dimension choice for softmax has been deprecated. Change the call to include dim=X as an argument.
  smqkt = nn.functional.softmax(qkt)
Equation 0
        prediction: ['0.5', '6', '6']
        actual: ['+', 'Y', 'N1']
        prediction: ['0.5', '0.5', '6']
        actual: ['+', 'Y', 'X']
        prediction: ['6', '6', '1']
        actual: ['-', 'Y', 'X']
        prediction: ['1', '6', '6', '6', '6', '1', '1', '6', '6']
        actual: ['+', '*', 'N1', 'X', '*', 'N2', '+', 'X', '1']
        prediction: ['6', '6', '1']
        actual: ['+', 'Y', 'X']
        prediction: ['6', '10', '6']
        actual: ['*', 'N1', 'X']
        prediction: ['1', '6', '6', '6', '6']
        actual: ['+', '*', 'N0', 'X', 'N1']
        prediction: ['1', '6', '6', '6', '6', '6', '6', ' ', '1', '1', '6', '6', '0.5', '6', '6', '*', '1']
        actual: ['+', '+', '+', '+', '-', '*', '2', 'X', '1', '*', '2', 'X', '1', '*', '2', 'X', 'N0']
        prediction: ['6', '6', '6', '6', '6', '6', '6', '6', '6']
        actual: ['+', '*', 'N0', 'X', '+', '*', 'N0', 'X', 'N0']
        prediction: ['1', '6', '6', '6', '6', '6']
        actual: ['*', 'X', ' ', ' ', 'N0', ' ']
Equation 1
        prediction: ['6', '10', '6', '6', '1', '6', '6']
        actual: ['+', '*', '2', 'X', '*', 'N2', 'Y']
        prediction: ['6', '1', '0.5', '6', '6', '6', '6']
        actual: ['+', '*', 'N0', 'Y', '*', 'N2', 'X']
        prediction: ['0.5', '6', '6', '10', '6']
        actual: ['-', '*', 'N3', 'Y', 'N2']
        prediction: []
        actual: []
        prediction: ['6', '6', '1']
        actual: ['*', '2', 'X']
        prediction: ['1', '6', '6']
        actual: ['+', 'Y', 'X']
        prediction: []
        actual: []
        prediction: []
        actual: []
        prediction: []
        actual: []
        prediction: []
        actual: []


Equation 0
        prediction: ['*', '*', '*', '*', '*']
        actual: ['-', '*', 'N1', 'Y', 'X']
        prediction: ['*', '*', '*']
        actual: ['+', 'Y', 'X']
        prediction: ['*', '*', '*']
        actual: ['+', 'Y', 'X']
        prediction: ['*', '*', '*', '*', '*', '*', '*', '*', '*', '*', '*', '*', '*', '*', '*', '*', '*', '*', '*', '*', '*']
        actual: ['+', '+', '-', '*', '2', 'X', '1', '*', '2', '+', '*', '2', 'X', '1', '*', '3', '+', '*', '2', 'X', '3']
        prediction: ['*', '*', '*', '*', '*', '*', '*']
        actual: ['+', '*', 'N0', 'X', '*', 'N1', 'X']
        prediction: ['*', '*', '*']
        actual: ['+', 'Y', 'X']
        prediction: ['*', '*', '*']
        actual: ['-', 'X', 'N1']
        prediction: ['*', '*', '*', '*', '*', '*', '*', '*', '*', '*', '*', '*', '*', '*', '*', '*', '*', '*', '*', '*', '*']
        actual: ['+', '+', '+', '+', '+', '+', '*', '2', 'X', '*', '2', 'X', '2', '*', '2', 'X', '4', '*', '2', 'X', '6']
        prediction: ['*', '*', '*', '*', '*', '*', '*', '*', '*', '*', '*']
        actual: ['*', '+', '+', '+', '+', 'X', 'X', 'N1', 'X', '2', '0.5']
        prediction: ['*', '*', '*', '*', '*']
        actual: ['*', '*', 'X', '0.01', 'N0']
Equation 1
        prediction: ['*', '*', '*', '*', '*', '*', '*']
        actual: ['+', '*', 'N0', 'X', '*', 'N3', 'Y']
        prediction: ['*', '*', '*', '*', '*', '*', '*', '*', '*', '*', '*']
        actual: ['-', '-', '+', '*', '10', 'Y', 'X', 'Y', '*', '10', 'X']
        prediction: ['*', '*', '*', '*', '*']
        actual: ['+', 'Y', '*', 'N0', 'X']
        prediction: []
        actual: []
        prediction: []
        actual: []
        prediction: ['*', '*', '*', '*', '*']
        actual: ['+', 'Y', '*', '2', 'X']
        prediction: ['*', '*', '*']
        actual: ['+', 'Y', 'X']
        prediction: []
        actual: []
        prediction: []
        actual: []
        prediction: []
        actual: []


Equation 0
        prediction: ['*', '*', '*']
        actual: ['-', 'X', 'Y']
        prediction: ['*', '*', '*', '*', '*', '*', '*', '*', '*']
        actual: ['-', '*', '+', 'X', '3', 'N2', '*', '1', 'X']
        prediction: ['*', '*', '*']
        actual: ['+', 'Y', 'X']
        prediction: ['*', '*', '*', '*', '*']
        actual: ['-', '*', 'N3', 'X', 'N1']
        prediction: ['*', '*', '*', '*', '*', '*', '*']
        actual: ['+', 'X', '*', 'N0', '+', 'X', '1']
        prediction: ['*', '*', '*', '*', '*']
        actual: ['*', 'N0', '+', 'X', 'N1']
        prediction: ['*', '*', '*', '*']
        actual: ['+', '-', 'X', 'N0']
        prediction: ['*', '*', '*', '*', '*']
        actual: ['*', '*', '6', '0.01', '6']
        prediction: ['*', '*', '*', '*', '*', '*', '*', '*', '*', '*', '*', '*', '*', '*', '*', '*', '*', '*', '*', '*', '*']
        actual: ['+', '+', '+', '+', '+', '+', '*', '2', 'X', '*', '2', 'X', '2', '*', '2', 'X', 'N0', '*', '2', 'X', '6']
        prediction: ['*', '*', '*', '*', '*']
        actual: ['*', '*', 'N0', '0.01', 'X']
Equation 1
        prediction: ['*', '*', '*', '*', '*', '*', '*']
        actual: ['+', '*', '2', 'X', '*', 'N2', 'Y']
        prediction: []
        actual: []
        prediction: ['*', '*', '*', '*', '*']
        actual: ['+', 'N2', '*', 'N3', 'X']
        prediction: ['*', '*', '*']
        actual: ['+', 'Y', 'X']
        prediction: []
        actual: []
        prediction: []
        actual: []
        prediction: []
        actual: []
        prediction: []
        actual: []
        prediction: []
        actual: []
        prediction: []
        actual: []


Equation 0
        prediction: ['*', '*', '*']
        actual: ['-', 'Y', 'N1']
        prediction: ['*', '*', '*']
        actual: ['-', 'Y', 'N1']
        prediction: ['*', '*', '*', '*', '*', '*', '*']
        actual: ['+', '*', 'N1', 'X', '*', 'N2', 'Y']
        prediction: ['*', '*', '*', '*', '*']
        actual: ['-', '*', 'N1', 'X', 'N0']
        prediction: ['*', '*', '*']
        actual: ['-', 'Y', 'X']
        prediction: ['*', '*', '*']
        actual: ['*', 'N1', 'Y']
        prediction: ['*', '*', '*']
        actual: ['-', 'Y', 'N0']
        prediction: ['*', '*', '*']
        actual: ['*', 'N1', 'Y']
        prediction: ['*', '*', '*', '*', '*', '*', '*']
        actual: ['*', 'X', '+', '1', '*', '0.01', 'N0']
        prediction: ['*', '*', '*', '*', '*', '*', '*', '*', '*']
        actual: ['+', '+', '+', '+', 'X', 'X', '1', 'X', '2']
Equation 1
        prediction: ['*', '*', '*']
        actual: ['-', 'X', 'N2']
        prediction: ['*', '*', '*']
        actual: ['-', 'X', 'N2']
        prediction: ['*', '*', '*', '*', '*', '*', '*']
        actual: ['-', '*', 'N4', 'X', '*', 'N0', 'Y']
        prediction: []
        actual: []
        prediction: ['*', '*', '*', '*', '*', '*', '*']
        actual: ['+', '*', 'N2', 'Y', '*', '2', 'X']
        prediction: ['*', '*', '*']
        actual: ['-', 'X', 'Y']
        prediction: ['*', '*', '*']
        actual: ['+', 'X', 'Y']
        prediction: ['*', '*', '*']
        actual: ['+', 'Y', 'X']
        prediction: []
        actual: []
        prediction: []
        actual: []
Equation 2
        prediction: ['*', '*', '*']
        actual: ['*', '2', 'Z']
        prediction: ['*', '*', '*']
        actual: ['*', '2', 'Z']
        prediction: []
        actual: []
        prediction: []
        actual: []
        prediction: []
        actual: []
        prediction: []
        actual: []
        prediction: []
        actual: []
        prediction: []
        actual: []
        prediction: []
        actual: []
        prediction: []
        actual: []


Equation 0
        prediction: ['*', '*', '*']
        actual: ['+', 'N1', '1']
        prediction: ['*', '*', '*']
        actual: ['+', 'N1', 'X']
        prediction: ['*', '*', '*']
        actual: ['-', 'X', 'N1']
        prediction: ['+', '*', '*', '*', '*', '*', '*']
        actual: ['-', '*', 'X', '6', '*', 'X', '6']
        prediction: ['*', '*', '*', '*', '*', '*', '*', '*', '*']
        actual: ['+', '*', 'N0', 'X', '+', '*', 'N0', 'X', 'N0']
        prediction: ['*', '*', '*', '*', '*']
        actual: ['+', '*', 'N1', 'X', 'N0']
        prediction: ['*', '*', '*', '*', '*', '*', '*']
        actual: ['+', '-', ' ', '*', '1', 'X', 'N0']
        prediction: ['*', '*', '*', '*', '*', '*', '*', '*', '*']
        actual: ['+', '*', 'N0', 'X', '+', '*', 'N0', 'X', 'N0']
        prediction: ['+', '*', '*', '*', '*', '*', '*', '*', '*']
        actual: ['+', '*', 'N0', 'X', '+', '*', 'N0', 'X', 'N0']
        prediction: ['*', '*', '*', '*', '*']
        actual: ['*', '*', '0.01', 'X', 'N0']
Equation 1
        prediction: ['*', '*', '*', '*', '*']
        actual: ['+', '*', 'N0', '11', '1']
        prediction: ['*', '*', '*', '*', '*']
        actual: ['+', 'X', '*', 'N3', 'Y']
        prediction: ['*', '*', '*', '*', '*', '*', '*']
        actual: ['-', '*', 'N2', 'Y', '*', 'N3', 'X']
        prediction: []
        actual: []
        prediction: []
        actual: []
        prediction: []
        actual: []
        prediction: []
        actual: []
        prediction: []
        actual: []
        prediction: []
        actual: []
        prediction: []
        actual: []


Equation 0
        prediction: ['+', '*', '*', 'N1', '*', '*', '+']
        actual: ['+', '*', 'N0', 'X', '*', '2', 'X']
        prediction: ['+', '*', '*', '*', '*', '*', '*', '+', '*', '*', '*', '+', '*', '*', '*', '+', '*']
        actual: ['+', '+', '+', '+', '+', '*', '2', 'X', '1', '*', '2', 'X', 'N0', '*', '2', 'X', '5']
        prediction: ['+', '*', '*', '+', '*', '*', '+']
        actual: ['+', '*', '2', 'X', '*', '3', 'X']
        prediction: ['+', '*', '*', '*', '+', 'N0', '*', '+', 'N1']
        actual: ['+', '+', '*', 'N0', 'X', '*', 'N0', 'X', 'N0']
        prediction: ['+', '*', '*', '*', '+', '*', '*', '+', '*']
        actual: ['+', '+', '*', 'N0', 'X', '*', 'N0', 'X', 'N0']
        prediction: ['+', '*', 'N0', '*', 'N0']
        actual: ['+', 'X', '+', 'X', '1']
        prediction: ['+', '*', '*', '*', '+', 'N0', '*', '*', '*', '+', '*']
        actual: ['+', '+', '*', 'N0', 'X', '1', '+', '*', 'N0', 'X', '3']
        prediction: ['+', '*', '*', 'N1', '*', '+', '*', '*', 'N0']
        actual: ['+', '+', 'X', '+', 'X', '1', '+', 'X', '2']
        prediction: ['+', '*', '*', 'N0', '*', 'N1', 'N1', '*', 'N0']
        actual: ['+', '+', 'X', '+', 'X', '2', '+', 'X', '4']
        prediction: ['+', '*', '*', '*', '*', '*', '*', '*', '*', '2', '*', '*', '*', 'N1', '2', '*', '2']
        actual: ['+', '+', '+', '+', '-', 'X', '2', '-', 'X', '1', 'X', '+', 'X', '1', '+', 'X', '2']


Equation 0
        prediction: ['+', '+', '+', '+', 'N3', '+', 'N2', 'N4', '*', 'N4', 'N4']
        actual: ['-', '-', '+', '*', 'N4', 'Y', 'X', '*', 'N4', 'X', 'Y']
        prediction: ['+', '+', '*', '+', '2', '*', 'N2', '+', 'N1']
        actual: ['+', '*', 'N0', 'X', '*', 'N2', '+', 'X', '1']
        prediction: ['+', '+', '+', '*', '+', 'N1', 'N0']
        actual: ['+', '-', '*', '2', 'X', 'X', 'N0']
        prediction: ['+', '+', 'N2']
        actual: ['+', 'Y', 'X']
        prediction: ['+', '+', 'N0', '+', 'N0', '+', '*', '+', 'N0']
        actual: ['+', '*', 'N0', 'X', '+', '*', 'N0', 'X', 'N0']
        prediction: ['+', '+', '+', '+', 'N0', '+', 'N0', '+', '+']
        actual: ['+', '+', '-', 'X', '1', 'X', '+', 'X', '1']
        prediction: ['+', '+', 'N0', '+', 'N0', 'N0', 'N0', '+', 'N1']
        actual: ['+', '*', 'N0', 'X', '+', '*', 'N0', 'X', 'N0']
        prediction: ['+', '*', 'N0', '*', '*']
        actual: ['*', '1', ' ', ' ', 'N1']
        prediction: ['+', '+', '+', 'N0', '+', '2', 'N0', '+', 'N0']
        actual: ['+', '+', 'X', '+', 'X', '1', '+', 'X', '2']
        prediction: ['+', '*', 'N1']
        actual: ['*', '1', '5']
Equation 1
        prediction: ['+', '+', 'N5']
        actual: ['+', 'Y', 'X']
        prediction: []
        actual: []
        prediction: []
        actual: []
        prediction: ['+', '+', 'N1']
        actual: ['-', 'Y', 'X']
        prediction: []
        actual: []
        prediction: []
        actual: []
        prediction: []
        actual: []
        prediction: []
        actual: []
        prediction: []
        actual: []
        prediction: []
        actual: []


Equation 0
        prediction: ['+', '+', '+', '*', '+', '+', '*', '+', '+']
        actual: ['+', '+', '*', '2', 'X', '*', '2', 'X', '2']
        prediction: ['+', '+', '+']
        actual: ['-', 'Y', 'X']
        prediction: ['+', '+', '*', '+', '+']
        actual: ['-', '*', '2', 'X', 'N0']
        prediction: ['+', '+', '+']
        actual: ['+', 'Y', 'X']
        prediction: ['+', '+', '+']
        actual: ['+', 'Y', 'X']
        prediction: ['+', '+', '+', '+', '+', '*', '+', '+', '+', '+', '*', '+', '+', '+', '+', '*', '+', '+', '+', '+', '*', '+', '+']
        actual: ['+', '+', '+', '-', '*', '2', 'X', '3', '-', '*', '2', 'X', '1', '+', '*', '2', 'X', '1', '+', '*', '2', 'X', '3']
        prediction: ['+', '*', '+', '+', '+']
        actual: ['*', 'N0', '+', 'X', '1']
        prediction: ['+', '+', '+']
        actual: ['+', 'Y', '1']
        prediction: ['+', '+', '*', '+', '+', '+', '*', '+', '+']
        actual: ['+', '*', 'N0', 'X', '+', '*', 'N0', 'X', 'N0']
        prediction: ['+', '*', '+', '+']
        actual: ['*', 'X', ' ', 'N1']
Equation 1
        prediction: []
        actual: []
        prediction: ['+', '+', '+', '*', '+']
        actual: ['+', 'N2', '*', '2', 'X']
        prediction: []
        actual: []
        prediction: ['+', '+', '+']
        actual: ['-', 'X', 'Y']
        prediction: ['+', '+', '+']
        actual: ['-', 'Y', 'X']
        prediction: []
        actual: []
        prediction: []
        actual: []
        prediction: ['+', '+', '+']
        actual: ['+', 'X', '1']
        prediction: []
        actual: []
        prediction: []
        actual: []
Equation 2
        prediction: []
        actual: []
        prediction: []
        actual: []
        prediction: []
        actual: []
        prediction: []
        actual: []
        prediction: []
        actual: []
        prediction: []
        actual: []
        prediction: []
        actual: []
        prediction: ['+', '+', '+', '+', '+']
        actual: ['+', '+', 'Y', 'X', 'Z']
        prediction: []
        actual: []
        prediction: []
        actual: []


Equation 0
        prediction: ['+', '+', '*', '+', '+', '*', '+']
        actual: ['+', '*', 'N0', 'Y', '*', 'N2', 'X']
        prediction: ['+', '+', '*', '+', '+', '*', '+', '+', '+']
        actual: ['+', '*', 'N0', 'X', '*', 'N2', '+', 'X', '1']
        prediction: ['+', '+', '+']
        actual: ['+', 'Y', '2']
        prediction: ['+', '*', '+']
        actual: ['*', '2', 'X']
        prediction: ['+', '+', '+', '*', '*', '+', '+', '+', '+', '*', '+', '+', '+', '+', '*', '+', '+']
        actual: ['+', '+', '-', '*', '2', 'X', '1', '+', '*', '2', 'X', '1', '+', '*', '2', 'X', 'N0']
        prediction: ['+', '+', '*', '+', '+', '+', '*', '+', '+']
        actual: ['+', '+', 'X', '+', 'X', '1', '+', 'X', '2']
        prediction: ['+', '+', '+', '+', '*', '+', '+', '+', '+']
        actual: ['+', '+', '+', '-', 'X', '2', 'X', 'X', '2']
        prediction: ['+', '+', '+']
        actual: ['+', 'Y', '1']
        prediction: ['+', '+', '*', '+', '+']
        actual: ['-', '*', '2', 'X', 'N0']
        prediction: ['+', '*', '*', '+', '+']
        actual: ['*', '*', 'X', '0.01', 'N0']
Equation 1
        prediction: ['+', '*', '*', '+', '+']
        actual: ['-', '*', 'N0', 'Y', 'X']
        prediction: []
        actual: []
        prediction: ['*', '*', '+']
        actual: ['+', 'X', '2']
        prediction: ['*', '*', '+']
        actual: ['+', 'Y', 'X']
        prediction: []
        actual: []
        prediction: []
        actual: []
        prediction: []
        actual: []
        prediction: ['*', '*', '+']
        actual: ['+', 'X', '1']
        prediction: []
        actual: []
        prediction: []
        actual: []
Equation 2
        prediction: []
        actual: []
        prediction: []
        actual: []
        prediction: ['*', '*', '*', '+', '+']
        actual: ['+', '+', 'Y', 'X', 'Z']
        prediction: []
        actual: []
        prediction: []
        actual: []
        prediction: []
        actual: []
        prediction: []
        actual: []
        prediction: ['*', '*', '*', '+', '*']
        actual: ['+', '+', 'Y', 'X', 'Z']
        prediction: []
        actual: []
        prediction: []
        actual: []


Equation 0
        prediction: ['+', '+', '+']
        actual: ['+', 'X', 'Y']
        prediction: ['+', '+', '*', '*', '+', '+', '+', '+', '+']
        actual: ['+', '+', '+', '-', 'X', '2', 'X', 'X', '2']
        prediction: ['+', '*', '-']
        actual: ['*', 'N1', 'X']
        prediction: ['+', '*', '+', '*', '+']
        actual: ['+', 'X', '*', 'N0', 'X']
        prediction: ['+', '+', '*', '+', '+', '*', '+', '*', '*', '+', '+']
        actual: ['+', '*', 'N0', 'X', '*', 'N0', '+', '*', 'N0', 'X', 'N0']
        prediction: ['+', '*', '+', '*', '+']
        actual: ['+', 'N0', '*', 'N0', 'X']
        prediction: ['+', '*', '*', '*', '+', '*', '+', '*', '+']
        actual: ['+', '+', '-', 'X', '1', 'X', '+', 'X', '1']
        prediction: ['+', '*', '*', '+', '+']
        actual: ['+', '+', 'X', 'X', '1']
        prediction: ['+', '*', '*', '+', '*', '+', '*', '*', '+', '*', '+']
        actual: ['-', '+', '1', '*', 'N0', ' ', ' ', '2', '*', '1', '2']
        prediction: ['+', '+', '+']
        actual: ['+', 'Y', '1']
Equation 1
        prediction: ['+', '*', '+']
        actual: ['-', 'X', 'Y']
        prediction: []
        actual: []
        prediction: ['*', '*', '+']
        actual: ['+', 'Y', 'X']
        prediction: []
        actual: []
        prediction: []
        actual: []
        prediction: []
        actual: []
        prediction: []
        actual: []
        prediction: []
        actual: []
        prediction: ['*', '*', '*', '*', '+', '-', '+', '*', '*', '*', '+', '*', '*']
        actual: ['+', '*', '*', 'X', 'N0', '0.5', ' ', '*', ' ', 'N0', ' ', ' ', '0.5']
        prediction: ['*', '*', '+']
        actual: ['+', 'X', '1']
Equation 2
        prediction: []
        actual: []
        prediction: []
        actual: []
        prediction: []
        actual: []
        prediction: []
        actual: []
        prediction: []
        actual: []
        prediction: []
        actual: []
        prediction: []
        actual: []
        prediction: []
        actual: []
        prediction: []
        actual: []
        prediction: ['*', '*', '*', '+', '+']
        actual: ['+', '+', 'Y', 'X', 'Z']


Equation 0
        prediction: ['+', '*', '+']
        actual: ['+', 'N1', 'Y']
        prediction: ['+', '*', '+']
        actual: ['*', '2', 'Y']
        prediction: ['+', '*', '-']
        actual: ['+', 'Y', 'X']
        prediction: ['+', '*', '*', '+', '*', '*', '+', '+', '-']
        actual: ['+', '*', 'N1', 'X', '*', '2', '+', 'X', '1']
        prediction: ['+', '*', '*', '*', '+', '*', '*', '*', '*', '*', '*']
        actual: ['+', '-', '*', '2', 'X', '1', '+', '*', '2', 'X', '3']
        prediction: ['+', '*', '+']
        actual: ['+', 'Y', 'X']
        prediction: ['+', '*', '-', '*', '-']
        actual: ['+', 'N1', '*', 'N0', 'X']
        prediction: ['+', '*', '+', '*', '+']
        actual: ['+', 'N0', '*', 'N1', 'X']
        prediction: ['+', '*', '*']
        actual: ['-', 'Y', 'X']
        prediction: ['+', '*', '*', '*', '+', '*', '*', '*', '+']
        actual: ['+', '+', '-', 'X', '1', 'X', '+', 'X', '1']
Equation 1
        prediction: ['+', '*', '-', '*', '-']
        actual: ['+', 'Y', '*', 'N2', 'X']
        prediction: ['*', '*', '-']
        actual: ['+', 'Y', 'X']
        prediction: ['*', '*', '*', '+', '*', '*', '+']
        actual: ['-', '*', 'N2', 'Y', '*', 'N0', 'X']
        prediction: []
        actual: []
        prediction: []
        actual: []
        prediction: ['*', '*', '-']
        actual: ['*', 'N3', 'X']
        prediction: []
        actual: []
        prediction: []
        actual: []
        prediction: ['*', '*', '+']
        actual: ['+', 'Y', 'X']
        prediction: []
        actual: []


Equation 0
        prediction: ['+', '*', '*', '1', '*']
        actual: ['+', '+', 'Y', 'X', 'Z']
        prediction: ['+', '*', '1']
        actual: ['+', 'Y', 'X']
        prediction: ['+', '*', '*']
        actual: ['*', '2', 'Y']
        prediction: ['*', '*', '*', '*', '*']
        actual: ['+', 'N0', '*', '1', 'X']
        prediction: ['+', '*', '*', '*', '*']
        actual: ['*', '*', '1', '0.01', '2']
        prediction: ['+', '*', '*', '*', '*', '*', '*', '*', '*', '*', ' ', '*', '*', '*', '+', '*']
        actual: ['-', '-', '-', '*', '*', '2', '2', 'X', '*', '2', ' ', '2', '*', '2', 'X', '2']
        prediction: ['+', '*', '*', '+', '*']
        actual: ['+', '*', 'N1', 'X', 'N0']
        prediction: ['+', '*', '*', '*', '*']
        actual: ['*', '*', 'N0', '1', 'N2']
        prediction: ['+', '*', '*', '*', '*']
        actual: ['*', '*', 'N0', '0.01', 'N1']
        prediction: ['+', '*', '*', '*', '*']
        actual: ['*', '*', 'N1', '0.01', 'X']
Equation 1
        prediction: ['*', '*', '*', ' ', '*']
        actual: ['+', '*', 'N3', 'Y', 'N2']
        prediction: ['*', '*', '*', '*', '*', '*', '+']
        actual: ['+', '*', 'N0', 'Y', '*', 'N2', 'X']
        prediction: ['*', '*', '*']
        actual: ['+', 'Y', 'X']
        prediction: []
        actual: []
        prediction: []
        actual: []
        prediction: []
        actual: []
        prediction: []
        actual: []
        prediction: []
        actual: []
        prediction: []
        actual: []
        prediction: []
        actual: []
Equation 2
        prediction: ['*', '*', '*', '*', '*']
        actual: ['-', '*', '3', 'Y', 'N4']
        prediction: []
        actual: []
        prediction: []
        actual: []
        prediction: []
        actual: []
        prediction: []
        actual: []
        prediction: []
        actual: []
        prediction: []
        actual: []
        prediction: []
        actual: []
        prediction: []
        actual: []
        prediction: []
        actual: []
slurmstepd: error: *** JOB 9847 ON node002 CANCELLED AT 2024-11-14T21:38:22 ***
