Job ID: 9088
Node: node002 echo Starting: 10/17/24 17:39:41
aballo
Reading lines...
Transfer numbers...
Indexing words...
keep_words 3671 / 9971 = 0.3682
Indexed 3674 words in input language, 23 words in output
Number of training data 18530
Number of testind data 4632
/home/lbiester/.conda/envs/CS457/lib/python3.10/site-packages/torch/optim/lr_scheduler.py:136: UserWarning: Detected call of `lr_scheduler.step()` before `optimizer.step()`. In PyTorch 1.1.0 and later, you should call them in the opposite order: `optimizer.step()` before `lr_scheduler.step()`.  Failure to do this will result in PyTorch skipping the first value of the learning rate schedule. See more details at https://pytorch.org/docs/stable/optim.html#how-to-adjust-learning-rate
  warnings.warn("Detected call of `lr_scheduler.step()` before `optimizer.step()`. "
fold: 1
epoch: 1
loss: 1.3472519562162202
training time 0h 2m 29s
--------------------------------
1180 1332 4632
test_answer_acc 0.2547495682210708 0.28756476683937826
testing time 0h 5m 16s
------------------------------------------------------
fold: 1
epoch: 2
loss: 0.8928159462994543
training time 0h 2m 24s
--------------------------------
fold: 1
epoch: 3
loss: 0.7355489983640868
training time 0h 2m 23s
--------------------------------
fold: 1
epoch: 4
loss: 0.6504052443750974
training time 0h 2m 22s
--------------------------------
fold: 1
epoch: 5
loss: 0.5927070514909152
training time 0h 2m 22s
--------------------------------
fold: 1
epoch: 6
loss: 0.5426226021914646
training time 0h 2m 22s
--------------------------------
fold: 1
epoch: 7
loss: 0.5098324450953253
training time 0h 2m 22s
--------------------------------
fold: 1
epoch: 8
loss: 0.4795581554544383
training time 0h 2m 21s
--------------------------------
fold: 1
epoch: 9
loss: 0.45756583779022614
training time 0h 2m 21s
--------------------------------
fold: 1
epoch: 10
loss: 0.4375385107665226
training time 0h 2m 22s
--------------------------------
fold: 1
epoch: 11
loss: 0.4207824000510676
training time 0h 2m 21s
--------------------------------
2683 3078 4632
test_answer_acc 0.5792314335060449 0.6645077720207254
testing time 0h 4m 57s
------------------------------------------------------
fold: 1
epoch: 12
loss: 0.4014302603129683
training time 0h 2m 22s
--------------------------------
fold: 1
epoch: 13
loss: 0.3930146279520002
training time 0h 2m 22s
--------------------------------
fold: 1
epoch: 14
loss: 0.38138281785208605
training time 0h 2m 22s
--------------------------------
fold: 1
epoch: 15
loss: 0.372702013213059
training time 0h 2m 22s
--------------------------------
fold: 1
epoch: 16
loss: 0.3595463899189028
training time 0h 2m 22s
--------------------------------
fold: 1
epoch: 17
loss: 0.3556614164648385
training time 0h 2m 22s
--------------------------------
fold: 1
epoch: 18
loss: 0.34358500812588066
training time 0h 2m 21s
--------------------------------
fold: 1
epoch: 19
loss: 0.3404272331759847
training time 0h 2m 22s
--------------------------------
fold: 1
epoch: 20
loss: 0.3004499186729563
training time 0h 2m 22s
--------------------------------
fold: 1
epoch: 21
loss: 0.2747279272511088
training time 0h 2m 21s
--------------------------------
2849 3303 4632
test_answer_acc 0.6150690846286702 0.7130829015544041
testing time 0h 4m 37s
------------------------------------------------------
fold: 1
epoch: 22
loss: 0.26070480973556126
training time 0h 2m 22s
--------------------------------
fold: 1
epoch: 23
loss: 0.25127267416181237
training time 0h 2m 21s
--------------------------------
fold: 1
epoch: 24
loss: 0.24449152468607344
training time 0h 2m 22s
--------------------------------
fold: 1
epoch: 25
loss: 0.23473453334179417
training time 0h 2m 22s
--------------------------------
fold: 1
epoch: 26
loss: 0.22902713811089254
training time 0h 2m 22s
--------------------------------
fold: 1
epoch: 27
loss: 0.2245576764232126
training time 0h 2m 22s
--------------------------------
fold: 1
epoch: 28
loss: 0.2172075064017855
training time 0h 2m 22s
--------------------------------
fold: 1
epoch: 29
loss: 0.215795220486049
training time 0h 2m 22s
--------------------------------
fold: 1
epoch: 30
loss: 0.21011701267341087
training time 0h 2m 22s
--------------------------------
fold: 1
epoch: 31
loss: 0.20525545737352865
training time 0h 2m 28s
--------------------------------
2860 3325 4632
test_answer_acc 0.6174438687392055 0.717832469775475
testing time 0h 4m 40s
------------------------------------------------------
fold: 1
epoch: 32
loss: 0.20035543747503182
training time 0h 2m 22s
--------------------------------
fold: 1
epoch: 33
loss: 0.19574970554175047
training time 0h 2m 22s
--------------------------------
fold: 1
epoch: 34
loss: 0.19466296393295815
training time 0h 2m 22s
--------------------------------
fold: 1
epoch: 35
loss: 0.19183155524319617
training time 0h 2m 22s
--------------------------------
fold: 1
epoch: 36
loss: 0.18792708138453548
training time 0h 2m 22s
--------------------------------
fold: 1
epoch: 37
loss: 0.18249887161213776
training time 0h 2m 23s
--------------------------------
fold: 1
epoch: 38
loss: 0.1808377923636601
training time 0h 2m 22s
--------------------------------
fold: 1
epoch: 39
loss: 0.1792744251160786
training time 0h 2m 21s
--------------------------------
fold: 1
epoch: 40
loss: 0.15941021858618176
training time 0h 2m 22s
--------------------------------
fold: 1
epoch: 41
loss: 0.15171314549857173
training time 0h 2m 23s
--------------------------------
2921 3402 4632
test_answer_acc 0.6306131260794473 0.7344559585492227
testing time 0h 4m 33s
------------------------------------------------------
fold: 1
epoch: 42
loss: 0.14489593327302358
training time 0h 2m 21s
--------------------------------
fold: 1
epoch: 43
loss: 0.13830167296631582
training time 0h 2m 23s
--------------------------------
fold: 1
epoch: 44
loss: 0.13838720238157387
training time 0h 2m 22s
--------------------------------
fold: 1
epoch: 45
loss: 0.1325182581770009
training time 0h 2m 21s
--------------------------------
fold: 1
epoch: 46
loss: 0.13021928480473058
training time 0h 2m 23s
--------------------------------
fold: 1
epoch: 47
loss: 0.12840278162781535
training time 0h 2m 22s
--------------------------------
fold: 1
epoch: 48
loss: 0.12493575212770495
training time 0h 2m 23s
--------------------------------
fold: 1
epoch: 49
loss: 0.12211995797938315
training time 0h 2m 21s
--------------------------------
fold: 1
epoch: 50
loss: 0.12039905891850076
training time 0h 2m 23s
--------------------------------
fold: 1
epoch: 51
loss: 0.11855698087862854
training time 0h 2m 21s
--------------------------------
2948 3426 4632
test_answer_acc 0.6364421416234888 0.7396373056994818
testing time 0h 4m 34s
------------------------------------------------------
fold: 1
epoch: 52
loss: 0.11745588451880833
training time 0h 2m 21s
--------------------------------
fold: 1
epoch: 53
loss: 0.11657499537385743
training time 0h 2m 22s
--------------------------------
fold: 1
epoch: 54
loss: 0.11341360431036045
training time 0h 2m 21s
--------------------------------
fold: 1
epoch: 55
loss: 0.1115016071575469
training time 0h 2m 22s
--------------------------------
fold: 1
epoch: 56
loss: 0.10922664324271268
training time 0h 2m 22s
--------------------------------
fold: 1
epoch: 57
loss: 0.10696044088309181
training time 0h 2m 25s
--------------------------------
fold: 1
epoch: 58
loss: 0.1077314316841035
training time 0h 2m 39s
--------------------------------
fold: 1
epoch: 59
loss: 0.10631822138253985
training time 0h 2m 38s
--------------------------------
fold: 1
epoch: 60
loss: 0.09967235197024099
training time 0h 2m 38s
--------------------------------
fold: 1
epoch: 61
loss: 0.09364195034421724
training time 0h 2m 40s
--------------------------------
2913 3434 4632
test_answer_acc 0.6288860103626943 0.7413644214162349
testing time 0h 4m 45s
------------------------------------------------------
fold: 1
epoch: 62
loss: 0.09280600570913018
training time 0h 2m 21s
--------------------------------
fold: 1
epoch: 63
loss: 0.09026954675029064
training time 0h 2m 22s
--------------------------------
fold: 1
epoch: 64
loss: 0.08785778109369607
training time 0h 2m 22s
--------------------------------
fold: 1
epoch: 65
loss: 0.08618129095512217
training time 0h 2m 21s
--------------------------------
fold: 1
epoch: 66
loss: 0.0843021735099369
training time 0h 2m 21s
--------------------------------
fold: 1
epoch: 67
loss: 0.0841980035705813
training time 0h 2m 22s
--------------------------------
fold: 1
epoch: 68
loss: 0.08222072535547717
training time 0h 2m 21s
--------------------------------
fold: 1
epoch: 69
loss: 0.08056391294531781
training time 0h 2m 25s
--------------------------------
fold: 1
epoch: 70
loss: 0.08316087600742948
training time 0h 2m 33s
--------------------------------
fold: 1
epoch: 71
loss: 0.08116068096253379
training time 0h 2m 21s
--------------------------------
2918 3433 4632
test_answer_acc 0.6299654576856649 0.7411485319516408
testing time 0h 4m 29s
------------------------------------------------------
fold: 1
epoch: 72
loss: 0.07993337797193692
training time 0h 2m 20s
--------------------------------
fold: 1
epoch: 73
loss: 0.07842636125098015
training time 0h 2m 21s
--------------------------------
fold: 1
epoch: 74
loss: 0.07672376845288893
training time 0h 2m 21s
--------------------------------
fold: 1
epoch: 75
loss: 0.07545557325256282
training time 0h 2m 22s
--------------------------------
fold: 1
epoch: 76
loss: 0.07553936824973287
training time 0h 2m 22s
--------------------------------
fold: 1
epoch: 77
loss: 0.07527827560130892
training time 0h 2m 22s
--------------------------------
2920 3433 4632
test_answer_acc 0.6303972366148531 0.7411485319516408
testing time 0h 4m 25s
------------------------------------------------------
fold: 1
epoch: 78
loss: 0.07276383674992569
training time 0h 2m 22s
--------------------------------
2904 3412 4632
test_answer_acc 0.6269430051813472 0.7366148531951641
testing time 0h 4m 31s
------------------------------------------------------
fold: 1
epoch: 79
loss: 0.07197981321349226
training time 0h 2m 22s
--------------------------------
2914 3424 4632
test_answer_acc 0.6291018998272885 0.7392055267702936
testing time 0h 4m 29s
------------------------------------------------------
fold: 1
epoch: 80
loss: 0.07007355903243197
training time 0h 2m 22s
--------------------------------
2946 3449 4632
test_answer_acc 0.6360103626943006 0.7446027633851469
testing time 0h 4m 31s
------------------------------------------------------
Indexing words...
keep_words 3687 / 10014 = 0.3682
Indexed 3690 words in input language, 23 words in output
Number of training data 18530
Number of testind data 4632
fold: 2
epoch: 1
loss: 1.3717455580316742
training time 0h 2m 23s
--------------------------------
1106 1244 4632
test_answer_acc 0.23877374784110536 0.26856649395509496
testing time 0h 4m 33s
------------------------------------------------------
fold: 2
epoch: 2
loss: 0.9084571380039741
training time 0h 2m 23s
--------------------------------
fold: 2
epoch: 3
loss: 0.7443945679171332
training time 0h 2m 22s
--------------------------------
fold: 2
epoch: 4
loss: 0.6510149600176975
training time 0h 2m 23s
--------------------------------
fold: 2
epoch: 5
loss: 0.5911043970749296
training time 0h 2m 23s
--------------------------------
fold: 2
epoch: 6
loss: 0.5457397873031682
training time 0h 2m 31s
--------------------------------
fold: 2
epoch: 7
loss: 0.5107296061926875
training time 0h 2m 40s
--------------------------------
fold: 2
epoch: 8
loss: 0.4833967864513397
training time 0h 2m 39s
--------------------------------
fold: 2
epoch: 9
loss: 0.4606118122051502
training time 0h 2m 37s
--------------------------------
fold: 2
epoch: 10
loss: 0.44015758828870183
training time 0h 2m 21s
--------------------------------
fold: 2
epoch: 11
loss: 0.42221629208531875
training time 0h 2m 22s
--------------------------------
2726 3131 4632
test_answer_acc 0.5885146804835925 0.6759499136442142
testing time 0h 5m 5s
------------------------------------------------------
fold: 2
epoch: 12
loss: 0.4093761797609
training time 0h 2m 22s
--------------------------------
fold: 2
epoch: 13
loss: 0.3942015798441295
training time 0h 2m 22s
--------------------------------
fold: 2
epoch: 14
loss: 0.3846639572032567
training time 0h 2m 23s
--------------------------------
fold: 2
epoch: 15
loss: 0.36996383625885537
training time 0h 2m 22s
--------------------------------
fold: 2
epoch: 16
loss: 0.3638717806030964
training time 0h 2m 22s
--------------------------------
fold: 2
epoch: 17
loss: 0.35728347671443017
training time 0h 2m 22s
--------------------------------
fold: 2
epoch: 18
loss: 0.3483731515962502
training time 0h 2m 22s
--------------------------------
fold: 2
epoch: 19
loss: 0.3418237932797136
training time 0h 2m 22s
--------------------------------
fold: 2
epoch: 20
loss: 0.3020790938159515
training time 0h 2m 23s
--------------------------------
fold: 2
epoch: 21
loss: 0.2788594076345707
training time 0h 2m 22s
--------------------------------
2902 3314 4632
test_answer_acc 0.6265112262521589 0.7154576856649395
testing time 0h 4m 32s
------------------------------------------------------
fold: 2
epoch: 22
loss: 0.2628070768611184
training time 0h 2m 23s
--------------------------------
fold: 2
epoch: 23
loss: 0.2514249976852844
training time 0h 2m 22s
--------------------------------
fold: 2
epoch: 24
loss: 0.24769174888216217
training time 0h 2m 23s
--------------------------------
fold: 2
epoch: 25
loss: 0.23941737490481343
training time 0h 2m 22s
--------------------------------
fold: 2
epoch: 26
loss: 0.23016805283982178
training time 0h 2m 23s
--------------------------------
fold: 2
epoch: 27
loss: 0.2272572492987945
training time 0h 2m 22s
--------------------------------
fold: 2
epoch: 28
loss: 0.22322068394258104
training time 0h 2m 22s
--------------------------------
fold: 2
epoch: 29
loss: 0.21473838021529132
training time 0h 2m 21s
--------------------------------
fold: 2
epoch: 30
loss: 0.21212984359469908
training time 0h 2m 23s
--------------------------------
fold: 2
epoch: 31
loss: 0.20827906596763382
training time 0h 2m 22s
--------------------------------
2951 3368 4632
test_answer_acc 0.6370898100172712 0.7271157167530224
testing time 0h 4m 38s
------------------------------------------------------
fold: 2
epoch: 32
loss: 0.20248743190333762
training time 0h 2m 22s
--------------------------------
fold: 2
epoch: 33
loss: 0.19980989227007176
training time 0h 2m 22s
--------------------------------
fold: 2
epoch: 34
loss: 0.19562193938884243
training time 0h 2m 23s
--------------------------------
fold: 2
epoch: 35
loss: 0.19590402042557453
training time 0h 2m 22s
--------------------------------
fold: 2
epoch: 36
loss: 0.1877699348690181
training time 0h 2m 22s
--------------------------------
fold: 2
epoch: 37
loss: 0.18695017384557888
training time 0h 2m 23s
--------------------------------
fold: 2
epoch: 38
loss: 0.1832857260416294
training time 0h 2m 22s
--------------------------------
fold: 2
epoch: 39
loss: 0.17968019735196541
training time 0h 2m 23s
--------------------------------
fold: 2
epoch: 40
loss: 0.16550084858618933
training time 0h 2m 22s
--------------------------------
fold: 2
epoch: 41
loss: 0.15174824585174693
training time 0h 2m 23s
--------------------------------
2953 3413 4632
test_answer_acc 0.6375215889464594 0.7368307426597582
testing time 0h 4m 30s
------------------------------------------------------
fold: 2
epoch: 42
loss: 0.14646317051916286
training time 0h 2m 22s
--------------------------------
fold: 2
epoch: 43
loss: 0.14265547361353348
training time 0h 2m 23s
--------------------------------
fold: 2
epoch: 44
loss: 0.14140061538281112
training time 0h 2m 22s
--------------------------------
fold: 2
epoch: 45
loss: 0.13696050270107285
training time 0h 2m 23s
--------------------------------
fold: 2
epoch: 46
loss: 0.13414054135310238
training time 0h 2m 23s
--------------------------------
fold: 2
epoch: 47
loss: 0.12969050701579143
training time 0h 2m 23s
--------------------------------
fold: 2
epoch: 48
loss: 0.12817038641921405
training time 0h 2m 23s
--------------------------------
fold: 2
epoch: 49
loss: 0.12652316829510804
training time 0h 2m 22s
--------------------------------
fold: 2
epoch: 50
loss: 0.12325438515379511
training time 0h 2m 32s
--------------------------------
fold: 2
epoch: 51
loss: 0.12222649153193522
training time 0h 2m 30s
--------------------------------
2951 3411 4632
test_answer_acc 0.6370898100172712 0.7363989637305699
testing time 0h 4m 23s
------------------------------------------------------
fold: 2
epoch: 52
loss: 0.120224555363429
training time 0h 2m 22s
--------------------------------
fold: 2
epoch: 53
loss: 0.11784911397202262
training time 0h 2m 23s
--------------------------------
fold: 2
epoch: 54
loss: 0.11697624318044761
training time 0h 2m 22s
--------------------------------
fold: 2
epoch: 55
loss: 0.11183651001032056
training time 0h 2m 23s
--------------------------------
fold: 2
epoch: 56
loss: 0.11407384320065893
training time 0h 2m 23s
--------------------------------
fold: 2
epoch: 57
loss: 0.11184619006154867
training time 0h 2m 24s
--------------------------------
fold: 2
epoch: 58
loss: 0.10944596635627335
training time 0h 2m 22s
--------------------------------
fold: 2
epoch: 59
loss: 0.10935962110243995
training time 0h 2m 50s
--------------------------------
fold: 2
epoch: 60
loss: 0.10090486589048443
training time 0h 2m 32s
--------------------------------
fold: 2
epoch: 61
loss: 0.09745264208779253
training time 0h 2m 54s
--------------------------------
2957 3436 4632
test_answer_acc 0.6383851468048359 0.7417962003454232
testing time 0h 5m 1s
------------------------------------------------------
fold: 2
epoch: 62
loss: 0.09560888299140437
training time 0h 2m 32s
--------------------------------
fold: 2
epoch: 63
loss: 0.09202215760175524
training time 0h 2m 23s
--------------------------------
fold: 2
epoch: 64
loss: 0.0905978736435545
training time 0h 2m 23s
--------------------------------
fold: 2
epoch: 65
loss: 0.08907507306029057
training time 0h 2m 22s
--------------------------------
fold: 2
epoch: 66
loss: 0.08937199335416843
training time 0h 2m 22s
--------------------------------
fold: 2
epoch: 67
loss: 0.08615563717381708
training time 0h 2m 23s
--------------------------------
fold: 2
epoch: 68
loss: 0.08606056079011538
training time 0h 2m 23s
--------------------------------
fold: 2
epoch: 69
loss: 0.08223043519618183
training time 0h 2m 23s
--------------------------------
fold: 2
epoch: 70
loss: 0.08332828813842659
training time 0h 2m 23s
--------------------------------
fold: 2
epoch: 71
loss: 0.08262471113482427
training time 0h 2m 22s
--------------------------------
2958 3445 4632
test_answer_acc 0.6386010362694301 0.7437392055267703
testing time 0h 4m 24s
------------------------------------------------------
fold: 2
epoch: 72
loss: 0.08134016534634705
training time 0h 2m 22s
--------------------------------
fold: 2
epoch: 73
loss: 0.08215145918315854
training time 0h 2m 22s
--------------------------------
fold: 2
epoch: 74
loss: 0.08127590004226257
training time 0h 2m 23s
--------------------------------
fold: 2
epoch: 75
loss: 0.07947799272449879
training time 0h 2m 23s
--------------------------------
fold: 2
epoch: 76
loss: 0.07922265803248718
training time 0h 2m 23s
--------------------------------
fold: 2
epoch: 77
loss: 0.0758480590800273
training time 0h 2m 23s
--------------------------------
2977 3463 4632
test_answer_acc 0.6427029360967185 0.7476252158894646
testing time 0h 4m 32s
------------------------------------------------------
fold: 2
epoch: 78
loss: 0.07622749698187771
training time 0h 2m 24s
--------------------------------
2976 3462 4632
test_answer_acc 0.6424870466321243 0.7474093264248705
testing time 0h 4m 26s
------------------------------------------------------
fold: 2
epoch: 79
loss: 0.07559126032965964
training time 0h 2m 23s
--------------------------------
2966 3450 4632
test_answer_acc 0.6403281519861831 0.7448186528497409
testing time 0h 4m 24s
------------------------------------------------------
fold: 2
epoch: 80
loss: 0.07379090583658424
training time 0h 2m 22s
--------------------------------
2994 3471 4632
test_answer_acc 0.6463730569948186 0.7493523316062176
testing time 0h 4m 28s
------------------------------------------------------
Indexing words...
keep_words 3675 / 10000 = 0.3675
Indexed 3678 words in input language, 23 words in output
Number of training data 18530
Number of testind data 4632
fold: 3
epoch: 1
loss: 1.375398440607663
training time 0h 2m 22s
--------------------------------
1183 1333 4632
test_answer_acc 0.2553972366148532 0.28778065630397237
testing time 0h 4m 35s
------------------------------------------------------
fold: 3
epoch: 2
loss: 0.8970006422749881
training time 0h 2m 22s
--------------------------------
fold: 3
epoch: 3
loss: 0.7353143430989364
training time 0h 2m 22s
--------------------------------
fold: 3
epoch: 4
loss: 0.6411701378123513
training time 0h 2m 21s
--------------------------------
fold: 3
epoch: 5
loss: 0.5864791104505802
training time 0h 2m 21s
--------------------------------
fold: 3
epoch: 6
loss: 0.5392188426749459
training time 0h 2m 21s
--------------------------------
fold: 3
epoch: 7
loss: 0.509606177539661
training time 0h 2m 21s
--------------------------------
fold: 3
epoch: 8
loss: 0.47824105260701016
training time 0h 2m 21s
--------------------------------
fold: 3
epoch: 9
loss: 0.4543927239960638
training time 0h 2m 21s
--------------------------------
fold: 3
epoch: 10
loss: 0.43508573184753285
training time 0h 2m 21s
--------------------------------
fold: 3
epoch: 11
loss: 0.42155943656789846
training time 0h 2m 22s
--------------------------------
2639 3041 4632
test_answer_acc 0.5697322970639033 0.6565198618307426
testing time 0h 4m 42s
------------------------------------------------------
fold: 3
epoch: 12
loss: 0.4041972862235431
training time 0h 2m 21s
--------------------------------
fold: 3
epoch: 13
loss: 0.39147553921773515
training time 0h 2m 21s
--------------------------------
fold: 3
epoch: 14
loss: 0.3787220362959237
training time 0h 2m 21s
--------------------------------
fold: 3
epoch: 15
loss: 0.36948901245306276
training time 0h 2m 21s
--------------------------------
fold: 3
epoch: 16
loss: 0.3601551858515575
training time 0h 2m 20s
--------------------------------
fold: 3
epoch: 17
loss: 0.35464972185677496
training time 0h 2m 21s
--------------------------------
fold: 3
epoch: 18
loss: 0.3449721709921442
training time 0h 2m 21s
--------------------------------
fold: 3
epoch: 19
loss: 0.33991257651098844
training time 0h 2m 21s
--------------------------------
fold: 3
epoch: 20
loss: 0.30071338219889276
training time 0h 2m 21s
--------------------------------
fold: 3
epoch: 21
loss: 0.2799560066954843
training time 0h 2m 20s
--------------------------------
2885 3312 4632
test_answer_acc 0.6228411053540587 0.7150259067357513
testing time 0h 4m 35s
------------------------------------------------------
fold: 3
epoch: 22
loss: 0.26165162597236963
training time 0h 2m 21s
--------------------------------
fold: 3
epoch: 23
loss: 0.25289357792714545
training time 0h 2m 21s
--------------------------------
fold: 3
epoch: 24
loss: 0.24478541314601898
training time 0h 2m 21s
--------------------------------
fold: 3
epoch: 25
loss: 0.23751017081326453
training time 0h 2m 20s
--------------------------------
fold: 3
epoch: 26
loss: 0.22846638475512637
training time 0h 2m 21s
--------------------------------
fold: 3
epoch: 27
loss: 0.22680500928184083
training time 0h 2m 21s
--------------------------------
fold: 3
epoch: 28
loss: 0.2188114654401253
training time 0h 2m 24s
--------------------------------
fold: 3
epoch: 29
loss: 0.21392415525584385
training time 0h 2m 24s
--------------------------------
fold: 3
epoch: 30
loss: 0.21364137152659482
training time 0h 2m 37s
--------------------------------
fold: 3
epoch: 31
loss: 0.2056998525200219
training time 0h 2m 22s
--------------------------------
2908 3358 4632
test_answer_acc 0.6278065630397237 0.7249568221070811
testing time 0h 4m 37s
------------------------------------------------------
fold: 3
epoch: 32
loss: 0.20364613301795104
training time 0h 2m 21s
--------------------------------
fold: 3
epoch: 33
loss: 0.19956996510254926
training time 0h 2m 21s
--------------------------------
fold: 3
epoch: 34
loss: 0.19446307320533127
training time 0h 2m 21s
--------------------------------
fold: 3
epoch: 35
loss: 0.19067439876239875
training time 0h 2m 21s
--------------------------------
fold: 3
epoch: 36
loss: 0.19157927095376212
training time 0h 2m 21s
--------------------------------
fold: 3
epoch: 37
loss: 0.18516272843397896
training time 0h 2m 21s
--------------------------------
fold: 3
epoch: 38
loss: 0.18233824852725555
training time 0h 2m 26s
--------------------------------
fold: 3
epoch: 39
loss: 0.18053219444279012
training time 0h 2m 37s
--------------------------------
fold: 3
epoch: 40
loss: 0.16344094592435607
training time 0h 2m 36s
--------------------------------
fold: 3
epoch: 41
loss: 0.15428710369200543
training time 0h 2m 21s
--------------------------------
2925 3399 4632
test_answer_acc 0.6314766839378239 0.7338082901554405
testing time 0h 4m 37s
------------------------------------------------------
fold: 3
epoch: 42
loss: 0.14537088120805805
training time 0h 2m 21s
--------------------------------
fold: 3
epoch: 43
loss: 0.14224848925810435
training time 0h 2m 20s
--------------------------------
fold: 3
epoch: 44
loss: 0.13733940670459435
training time 0h 2m 23s
--------------------------------
fold: 3
epoch: 45
loss: 0.13655019387088974
training time 0h 2m 34s
--------------------------------
fold: 3
epoch: 46
loss: 0.13317362518403036
training time 0h 2m 21s
--------------------------------
fold: 3
epoch: 47
loss: 0.12863990226439362
training time 0h 2m 22s
--------------------------------
fold: 3
epoch: 48
loss: 0.1250921173342343
training time 0h 2m 21s
--------------------------------
fold: 3
epoch: 49
loss: 0.12367843383088194
training time 0h 2m 21s
--------------------------------
fold: 3
epoch: 50
loss: 0.12183756320897875
training time 0h 2m 20s
--------------------------------
fold: 3
epoch: 51
loss: 0.12032511939519439
training time 0h 2m 20s
--------------------------------
2921 3421 4632
test_answer_acc 0.6306131260794473 0.7385578583765112
testing time 0h 4m 25s
------------------------------------------------------
fold: 3
epoch: 52
loss: 0.12019701059265384
training time 0h 2m 21s
--------------------------------
fold: 3
epoch: 53
loss: 0.11788313892380944
training time 0h 2m 21s
--------------------------------
fold: 3
epoch: 54
loss: 0.1133952327329537
training time 0h 2m 21s
--------------------------------
fold: 3
epoch: 55
loss: 0.11246634056342059
training time 0h 2m 27s
--------------------------------
fold: 3
epoch: 56
loss: 0.11180328468567338
training time 0h 2m 38s
--------------------------------
fold: 3
epoch: 57
loss: 0.1087679350684429
training time 0h 2m 30s
--------------------------------
fold: 3
epoch: 58
loss: 0.10668869484858266
training time 0h 2m 20s
--------------------------------
fold: 3
epoch: 59
loss: 0.10350522043119217
training time 0h 2m 21s
--------------------------------
fold: 3
epoch: 60
loss: 0.09818431267450596
training time 0h 2m 21s
--------------------------------
fold: 3
epoch: 61
loss: 0.09543063594991791
training time 0h 2m 20s
--------------------------------
2958 3442 4632
test_answer_acc 0.6386010362694301 0.7430915371329879
testing time 0h 4m 29s
------------------------------------------------------
fold: 3
epoch: 62
loss: 0.09116378650069237
training time 0h 2m 21s
--------------------------------
fold: 3
epoch: 63
loss: 0.09050916813570878
training time 0h 2m 21s
--------------------------------
fold: 3
epoch: 64
loss: 0.08965115083445763
training time 0h 2m 21s
--------------------------------
fold: 3
epoch: 65
loss: 0.08825294330459217
training time 0h 2m 21s
--------------------------------
fold: 3
epoch: 66
loss: 0.08813944478872521
training time 0h 2m 21s
--------------------------------
fold: 3
epoch: 67
loss: 0.08489335314210118
training time 0h 2m 38s
--------------------------------
fold: 3
epoch: 68
loss: 0.08157199196003634
training time 0h 2m 38s
--------------------------------
fold: 3
epoch: 69
loss: 0.08390583647093897
training time 0h 2m 37s
--------------------------------
fold: 3
epoch: 70
loss: 0.08155485491814285
training time 0h 2m 21s
--------------------------------
fold: 3
epoch: 71
loss: 0.0789153873149691
training time 0h 2m 21s
--------------------------------
2953 3454 4632
test_answer_acc 0.6375215889464594 0.7456822107081175
testing time 0h 4m 35s
------------------------------------------------------
fold: 3
epoch: 72
loss: 0.07689986470444449
training time 0h 2m 21s
--------------------------------
fold: 3
epoch: 73
loss: 0.07881191444808039
training time 0h 2m 34s
--------------------------------
fold: 3
epoch: 74
loss: 0.07761165941583699
training time 0h 2m 21s
--------------------------------
fold: 3
epoch: 75
loss: 0.07671707032312607
training time 0h 2m 21s
--------------------------------
fold: 3
epoch: 76
loss: 0.07655890084931563
training time 0h 2m 21s
--------------------------------
fold: 3
epoch: 77
loss: 0.07509890419655833
training time 0h 2m 20s
--------------------------------
2942 3455 4632
test_answer_acc 0.635146804835924 0.7458981001727115
testing time 0h 4m 30s
------------------------------------------------------
fold: 3
epoch: 78
loss: 0.07643268318397217
training time 0h 2m 20s
--------------------------------
2939 3452 4632
test_answer_acc 0.6344991364421416 0.7452504317789291
testing time 0h 4m 28s
------------------------------------------------------
fold: 3
epoch: 79
loss: 0.07528296517657823
training time 0h 2m 21s
--------------------------------
2937 3460 4632
test_answer_acc 0.6340673575129534 0.7469775474956822
testing time 0h 4m 28s
------------------------------------------------------
fold: 3
epoch: 80
loss: 0.07126509813784525
training time 0h 2m 20s
--------------------------------
2941 3460 4632
test_answer_acc 0.6349309153713298 0.7469775474956822
testing time 0h 4m 31s
------------------------------------------------------
Indexing words...
keep_words 3699 / 9984 = 0.3705
Indexed 3702 words in input language, 23 words in output
Number of training data 18530
Number of testind data 4632
fold: 4
epoch: 1
loss: 1.378241814827097
training time 0h 2m 21s
--------------------------------
1106 1248 4632
test_answer_acc 0.23877374784110536 0.2694300518134715
testing time 0h 4m 10s
------------------------------------------------------
fold: 4
epoch: 2
loss: 0.9020664597379751
training time 0h 2m 21s
--------------------------------
fold: 4
epoch: 3
loss: 0.7339448797291723
training time 0h 2m 22s
--------------------------------
fold: 4
epoch: 4
loss: 0.6473663678456997
training time 0h 2m 37s
--------------------------------
fold: 4
epoch: 5
loss: 0.5868151410900313
training time 0h 2m 28s
--------------------------------
fold: 4
epoch: 6
loss: 0.5398745560440524
training time 0h 2m 30s
--------------------------------
fold: 4
epoch: 7
loss: 0.5096271153154044
training time 0h 2m 38s
--------------------------------
fold: 4
epoch: 8
loss: 0.4773357221278651
training time 0h 2m 38s
--------------------------------
fold: 4
epoch: 9
loss: 0.45954348989601795
training time 0h 2m 38s
--------------------------------
fold: 4
epoch: 10
loss: 0.4395888787919077
training time 0h 2m 38s
--------------------------------
fold: 4
epoch: 11
loss: 0.4221810722145541
training time 0h 2m 38s
--------------------------------
2607 3011 4632
test_answer_acc 0.5628238341968912 0.6500431778929189
testing time 0h 5m 45s
------------------------------------------------------
fold: 4
epoch: 12
loss: 0.4032108507279692
training time 0h 2m 22s
--------------------------------
fold: 4
epoch: 13
loss: 0.39497351322708457
training time 0h 2m 22s
--------------------------------
fold: 4
epoch: 14
loss: 0.3824875206269067
training time 0h 2m 21s
--------------------------------
fold: 4
epoch: 15
loss: 0.3740575063331374
training time 0h 2m 22s
--------------------------------
fold: 4
epoch: 16
loss: 0.36467547288228724
training time 0h 2m 24s
--------------------------------
fold: 4
epoch: 17
loss: 0.35771414550213976
training time 0h 2m 38s
--------------------------------
fold: 4
epoch: 18
loss: 0.3482148845647943
training time 0h 2m 39s
--------------------------------
fold: 4
epoch: 19
loss: 0.3401439038843944
training time 0h 2m 35s
--------------------------------
fold: 4
epoch: 20
loss: 0.30019509586794624
training time 0h 2m 21s
--------------------------------
fold: 4
epoch: 21
loss: 0.27891090943895536
training time 0h 2m 21s
--------------------------------
2814 3262 4632
test_answer_acc 0.6075129533678757 0.7042314335060449
testing time 0h 4m 41s
------------------------------------------------------
fold: 4
epoch: 22
loss: 0.26594893305466094
training time 0h 2m 22s
--------------------------------
fold: 4
epoch: 23
loss: 0.25441762049650324
training time 0h 2m 20s
--------------------------------
fold: 4
epoch: 24
loss: 0.24785597373185486
training time 0h 2m 21s
--------------------------------
fold: 4
epoch: 25
loss: 0.23719660197866374
training time 0h 2m 21s
--------------------------------
fold: 4
epoch: 26
loss: 0.23228834004237733
training time 0h 2m 22s
--------------------------------
fold: 4
epoch: 27
loss: 0.2279392930711138
training time 0h 2m 22s
--------------------------------
fold: 4
epoch: 28
loss: 0.22150813618610646
training time 0h 2m 21s
--------------------------------
fold: 4
epoch: 29
loss: 0.217296407628676
training time 0h 2m 22s
--------------------------------
fold: 4
epoch: 30
loss: 0.213427002830752
training time 0h 2m 22s
--------------------------------
fold: 4
epoch: 31
loss: 0.2066005445759872
training time 0h 2m 22s
--------------------------------
2859 3307 4632
test_answer_acc 0.6172279792746114 0.7139464594127807
testing time 0h 4m 32s
------------------------------------------------------
fold: 4
epoch: 32
loss: 0.2043800900722372
training time 0h 2m 21s
--------------------------------
fold: 4
epoch: 33
loss: 0.2010922022677701
training time 0h 2m 21s
--------------------------------
fold: 4
epoch: 34
loss: 0.19528377613630787
training time 0h 2m 21s
--------------------------------
fold: 4
epoch: 35
loss: 0.19330836768294202
training time 0h 2m 21s
--------------------------------
fold: 4
epoch: 36
loss: 0.19129477210085968
training time 0h 2m 20s
--------------------------------
fold: 4
epoch: 37
loss: 0.19091787420470138
training time 0h 2m 21s
--------------------------------
fold: 4
epoch: 38
loss: 0.18326472303476826
training time 0h 2m 20s
--------------------------------
fold: 4
epoch: 39
loss: 0.17848545574936373
training time 0h 2m 23s
--------------------------------
fold: 4
epoch: 40
loss: 0.16397756651557724
training time 0h 2m 22s
--------------------------------
fold: 4
epoch: 41
loss: 0.15625106407136752
training time 0h 2m 22s
--------------------------------
2905 3382 4632
test_answer_acc 0.6271588946459413 0.7301381692573402
testing time 0h 4m 33s
------------------------------------------------------
fold: 4
epoch: 42
loss: 0.14815454244099815
training time 0h 2m 21s
--------------------------------
fold: 4
epoch: 43
loss: 0.1453802987547784
training time 0h 2m 22s
--------------------------------
fold: 4
epoch: 44
loss: 0.1415750173916077
training time 0h 2m 22s
--------------------------------
fold: 4
epoch: 45
loss: 0.13701976029009655
training time 0h 2m 23s
--------------------------------
fold: 4
epoch: 46
loss: 0.1342046735744024
training time 0h 2m 27s
--------------------------------
fold: 4
epoch: 47
loss: 0.13044961231022045
training time 0h 2m 39s
--------------------------------
fold: 4
epoch: 48
loss: 0.1275978550700278
training time 0h 2m 36s
--------------------------------
fold: 4
epoch: 49
loss: 0.12742609235233274
training time 0h 2m 22s
--------------------------------
fold: 4
epoch: 50
loss: 0.1247355763896786
training time 0h 2m 22s
--------------------------------
fold: 4
epoch: 51
loss: 0.12036349146530546
training time 0h 2m 24s
--------------------------------
2918 3387 4632
test_answer_acc 0.6299654576856649 0.7312176165803109
testing time 0h 4m 39s
------------------------------------------------------
fold: 4
epoch: 52
loss: 0.11908889119995052
training time 0h 2m 22s
--------------------------------
fold: 4
epoch: 53
loss: 0.11787676579993346
training time 0h 2m 23s
--------------------------------
fold: 4
epoch: 54
loss: 0.11754727912103308
training time 0h 2m 21s
--------------------------------
fold: 4
epoch: 55
loss: 0.11255993636260772
training time 0h 2m 21s
--------------------------------
fold: 4
epoch: 56
loss: 0.11173800719452315
training time 0h 2m 27s
--------------------------------
fold: 4
epoch: 57
loss: 0.11001953607232406
training time 0h 2m 22s
--------------------------------
fold: 4
epoch: 58
loss: 0.11015217608675874
training time 0h 2m 22s
--------------------------------
fold: 4
epoch: 59
loss: 0.10872297800820449
training time 0h 2m 31s
--------------------------------
fold: 4
epoch: 60
loss: 0.10011132147548528
training time 0h 2m 38s
--------------------------------
fold: 4
epoch: 61
loss: 0.09748863697308918
training time 0h 2m 29s
--------------------------------
2889 3373 4632
test_answer_acc 0.6237046632124352 0.728195164075993
testing time 0h 4m 41s
------------------------------------------------------
fold: 4
epoch: 62
loss: 0.0957294552490629
training time 0h 2m 23s
--------------------------------
fold: 4
epoch: 63
loss: 0.09370222495033823
training time 0h 2m 22s
--------------------------------
fold: 4
epoch: 64
loss: 0.09159404269323267
training time 0h 2m 21s
--------------------------------
fold: 4
epoch: 65
loss: 0.08816634854622955
training time 0h 2m 21s
--------------------------------
fold: 4
epoch: 66
loss: 0.08896426058791834
training time 0h 2m 22s
--------------------------------
fold: 4
epoch: 67
loss: 0.08700215930825678
training time 0h 2m 21s
--------------------------------
fold: 4
epoch: 68
loss: 0.08540885221084644
training time 0h 2m 21s
--------------------------------
fold: 4
epoch: 69
loss: 0.0838790835363084
training time 0h 2m 20s
--------------------------------
fold: 4
epoch: 70
loss: 0.08385325799342887
training time 0h 2m 21s
--------------------------------
fold: 4
epoch: 71
loss: 0.08274033471685031
training time 0h 2m 20s
--------------------------------
2908 3397 4632
test_answer_acc 0.6278065630397237 0.7333765112262521
testing time 0h 4m 38s
------------------------------------------------------
fold: 4
epoch: 72
loss: 0.0821685778426713
training time 0h 2m 22s
--------------------------------
fold: 4
epoch: 73
loss: 0.07790957612852598
training time 0h 2m 20s
--------------------------------
fold: 4
epoch: 74
loss: 0.0787656632219923
training time 0h 2m 20s
--------------------------------
fold: 4
epoch: 75
loss: 0.0796461019343857
training time 0h 2m 21s
--------------------------------
fold: 4
epoch: 76
loss: 0.07891490082417069
training time 0h 2m 21s
--------------------------------
fold: 4
epoch: 77
loss: 0.07832392467635459
training time 0h 2m 21s
--------------------------------
2901 3400 4632
test_answer_acc 0.6262953367875648 0.7340241796200345
testing time 0h 4m 35s
------------------------------------------------------
fold: 4
epoch: 78
loss: 0.07567134468077585
training time 0h 2m 21s
--------------------------------
2918 3419 4632
test_answer_acc 0.6299654576856649 0.738126079447323
testing time 0h 4m 35s
------------------------------------------------------
fold: 4
epoch: 79
loss: 0.07588378483236864
training time 0h 2m 21s
--------------------------------
2927 3430 4632
test_answer_acc 0.6319084628670121 0.7405008635578584
testing time 0h 4m 38s
------------------------------------------------------
fold: 4
epoch: 80
loss: 0.07110611857396776
training time 0h 2m 21s
--------------------------------
2930 3416 4632
test_answer_acc 0.6325561312607945 0.7374784110535406
testing time 0h 4m 42s
------------------------------------------------------
Indexing words...
keep_words 3690 / 9962 = 0.3704
Indexed 3693 words in input language, 23 words in output
Number of training data 18528
Number of testind data 4634
fold: 5
epoch: 1
loss: 1.354230505639109
training time 0h 2m 23s
--------------------------------
1188 1318 4634
test_answer_acc 0.25636599050496334 0.2844195079844627
testing time 0h 4m 16s
------------------------------------------------------
fold: 5
epoch: 2
loss: 0.8935002236530698
training time 0h 2m 23s
--------------------------------
fold: 5
epoch: 3
loss: 0.7340698881395932
training time 0h 2m 29s
--------------------------------
fold: 5
epoch: 4
loss: 0.6466247540095756
training time 0h 2m 57s
--------------------------------
fold: 5
epoch: 5
loss: 0.5891954343894432
training time 0h 2m 55s
--------------------------------
fold: 5
epoch: 6
loss: 0.5469082713127136
training time 0h 2m 40s
--------------------------------
fold: 5
epoch: 7
loss: 0.5109248732698375
training time 0h 2m 23s
--------------------------------
fold: 5
epoch: 8
loss: 0.4842905971510657
training time 0h 2m 23s
--------------------------------
fold: 5
epoch: 9
loss: 0.4600342900588595
training time 0h 2m 23s
--------------------------------
fold: 5
epoch: 10
loss: 0.4380712109393087
training time 0h 2m 23s
--------------------------------
fold: 5
epoch: 11
loss: 0.4270459925306254
training time 0h 2m 23s
--------------------------------
2683 3080 4634
test_answer_acc 0.5789814415192058 0.6646525679758308
testing time 0h 4m 38s
------------------------------------------------------
fold: 5
epoch: 12
loss: 0.40614946556502374
training time 0h 2m 23s
--------------------------------
fold: 5
epoch: 13
loss: 0.39391623118828084
training time 0h 2m 23s
--------------------------------
fold: 5
epoch: 14
loss: 0.3833590687862758
training time 0h 2m 23s
--------------------------------
fold: 5
epoch: 15
loss: 0.37156490621895627
training time 0h 2m 23s
--------------------------------
fold: 5
epoch: 16
loss: 0.3669664404001729
training time 0h 2m 30s
--------------------------------
fold: 5
epoch: 17
loss: 0.3559336807193427
training time 0h 2m 39s
--------------------------------
fold: 5
epoch: 18
loss: 0.3462175308630384
training time 0h 2m 40s
--------------------------------
fold: 5
epoch: 19
loss: 0.3392680241629995
training time 0h 2m 40s
--------------------------------
fold: 5
epoch: 20
loss: 0.29931355570924695
training time 0h 2m 40s
--------------------------------
fold: 5
epoch: 21
loss: 0.27795349950420445
training time 0h 2m 41s
--------------------------------
2873 3325 4634
test_answer_acc 0.6199827362969357 0.7175226586102719
testing time 0h 5m 42s
------------------------------------------------------
fold: 5
epoch: 22
loss: 0.2657144866626838
training time 0h 2m 24s
--------------------------------
fold: 5
epoch: 23
loss: 0.25453640530849325
training time 0h 2m 24s
--------------------------------
fold: 5
epoch: 24
loss: 0.2464011232143846
training time 0h 2m 22s
--------------------------------
fold: 5
epoch: 25
loss: 0.2367871504405449
training time 0h 2m 22s
--------------------------------
fold: 5
epoch: 26
loss: 0.2328910540917824
training time 0h 2m 23s
--------------------------------
fold: 5
epoch: 27
loss: 0.2251051788186205
training time 0h 2m 24s
--------------------------------
fold: 5
epoch: 28
loss: 0.22163492071217505
training time 0h 2m 23s
--------------------------------
fold: 5
epoch: 29
loss: 0.2183012171552099
training time 0h 2m 25s
--------------------------------
fold: 5
epoch: 30
loss: 0.21245331497027956
training time 0h 2m 23s
--------------------------------
fold: 5
epoch: 31
loss: 0.2065009040051493
training time 0h 2m 23s
--------------------------------
2924 3362 4634
test_answer_acc 0.6309883470004316 0.725507121277514
testing time 0h 4m 35s
------------------------------------------------------
fold: 5
epoch: 32
loss: 0.2014588837479723
training time 0h 2m 24s
--------------------------------
fold: 5
epoch: 33
loss: 0.19837430394415198
training time 0h 2m 23s
--------------------------------
fold: 5
epoch: 34
loss: 0.19709822910613028
training time 0h 2m 24s
--------------------------------
fold: 5
epoch: 35
loss: 0.19279009599624009
training time 0h 2m 24s
--------------------------------
fold: 5
epoch: 36
loss: 0.18668265609905638
training time 0h 2m 23s
--------------------------------
fold: 5
epoch: 37
loss: 0.1860492234856918
training time 0h 2m 24s
--------------------------------
fold: 5
epoch: 38
loss: 0.18409579827867706
training time 0h 2m 24s
--------------------------------
fold: 5
epoch: 39
loss: 0.17968869463636958
training time 0h 2m 23s
--------------------------------
fold: 5
epoch: 40
loss: 0.16746200591582677
training time 0h 2m 23s
--------------------------------
fold: 5
epoch: 41
loss: 0.15117557493263278
training time 0h 2m 23s
--------------------------------
2945 3427 4634
test_answer_acc 0.6355200690548123 0.7395338800172637
testing time 0h 4m 32s
------------------------------------------------------
fold: 5
epoch: 42
loss: 0.1462566728221959
training time 0h 2m 24s
--------------------------------
fold: 5
epoch: 43
loss: 0.14208811806707547
training time 0h 2m 24s
--------------------------------
fold: 5
epoch: 44
loss: 0.13754949901124527
training time 0h 2m 24s
--------------------------------
fold: 5
epoch: 45
loss: 0.13455914495320156
training time 0h 2m 23s
--------------------------------
fold: 5
epoch: 46
loss: 0.13369489411084817
training time 0h 2m 24s
--------------------------------
fold: 5
epoch: 47
loss: 0.12927566663972262
training time 0h 2m 23s
--------------------------------
fold: 5
epoch: 48
loss: 0.1289585088476025
training time 0h 2m 22s
--------------------------------
fold: 5
epoch: 49
loss: 0.1260312997703922
training time 0h 2m 24s
--------------------------------
fold: 5
epoch: 50
loss: 0.12359489897458718
training time 0h 2m 23s
--------------------------------
fold: 5
epoch: 51
loss: 0.12017230383794883
training time 0h 2m 24s
--------------------------------
2957 3431 4634
test_answer_acc 0.6381096245144584 0.7403970651704791
testing time 0h 4m 26s
------------------------------------------------------
fold: 5
epoch: 52
loss: 0.121011615287641
training time 0h 2m 23s
--------------------------------
fold: 5
epoch: 53
loss: 0.11891465590431773
training time 0h 2m 22s
--------------------------------
fold: 5
epoch: 54
loss: 0.11736165201612588
training time 0h 2m 22s
--------------------------------
fold: 5
epoch: 55
loss: 0.11454654122734892
training time 0h 2m 23s
--------------------------------
fold: 5
epoch: 56
loss: 0.11419271736823279
training time 0h 2m 24s
--------------------------------
fold: 5
epoch: 57
loss: 0.11060651888878181
training time 0h 2m 22s
--------------------------------
fold: 5
epoch: 58
loss: 0.10876869786659192
training time 0h 2m 23s
--------------------------------
fold: 5
epoch: 59
loss: 0.10844686450115566
training time 0h 2m 23s
--------------------------------
fold: 5
epoch: 60
loss: 0.1013749113242174
training time 0h 2m 23s
--------------------------------
fold: 5
epoch: 61
loss: 0.09678096667189022
training time 0h 2m 24s
--------------------------------
2957 3437 4634
test_answer_acc 0.6381096245144584 0.7416918429003021
testing time 0h 4m 30s
------------------------------------------------------
fold: 5
epoch: 62
loss: 0.09421079745837327
training time 0h 2m 24s
--------------------------------
fold: 5
epoch: 63
loss: 0.09201678828946476
training time 0h 2m 23s
--------------------------------
fold: 5
epoch: 64
loss: 0.09051671588215335
training time 0h 2m 23s
--------------------------------
fold: 5
epoch: 65
loss: 0.08693671786579593
training time 0h 2m 23s
--------------------------------
fold: 5
epoch: 66
loss: 0.08703745832217151
training time 0h 2m 23s
--------------------------------
fold: 5
epoch: 67
loss: 0.08613022600525412
training time 0h 2m 24s
--------------------------------
fold: 5
epoch: 68
loss: 0.0854105154630439
training time 0h 2m 27s
--------------------------------
fold: 5
epoch: 69
loss: 0.08340319302575341
training time 0h 2m 24s
--------------------------------
fold: 5
epoch: 70
loss: 0.08241975560527423
training time 0h 2m 24s
--------------------------------
fold: 5
epoch: 71
loss: 0.08305661443235546
training time 0h 2m 24s
--------------------------------
2965 3446 4634
test_answer_acc 0.639835994820889 0.7436340094950367
testing time 0h 4m 36s
------------------------------------------------------
fold: 5
epoch: 72
loss: 0.07955297903511031
training time 0h 2m 23s
--------------------------------
fold: 5
epoch: 73
loss: 0.08048687217564418
training time 0h 2m 23s
--------------------------------
fold: 5
epoch: 74
loss: 0.0796695221857778
training time 0h 2m 23s
--------------------------------
fold: 5
epoch: 75
loss: 0.07967831522611708
training time 0h 2m 23s
--------------------------------
fold: 5
epoch: 76
loss: 0.07723850191024871
training time 0h 2m 23s
--------------------------------
fold: 5
epoch: 77
loss: 0.07490006759120472
training time 0h 2m 22s
--------------------------------
2964 3441 4634
test_answer_acc 0.6396201985325852 0.7425550280535175
testing time 0h 4m 28s
------------------------------------------------------
fold: 5
epoch: 78
loss: 0.07520847647482978
training time 0h 2m 23s
--------------------------------
2970 3454 4634
test_answer_acc 0.6409149762624082 0.7453603798014674
testing time 0h 4m 35s
------------------------------------------------------
fold: 5
epoch: 79
loss: 0.07660743282658272
training time 0h 2m 24s
--------------------------------
2952 3440 4634
test_answer_acc 0.6370306430729391 0.7423392317652137
testing time 0h 4m 26s
------------------------------------------------------
fold: 5
epoch: 80
loss: 0.07205642850363049
training time 0h 2m 23s
--------------------------------
2966 3446 4634
test_answer_acc 0.640051791109193 0.7436340094950367
testing time 0h 4m 29s
------------------------------------------------------
(2946, 3449, 4632)
(2994, 3471, 4632)
(2941, 3460, 4632)
(2930, 3416, 4632)
(2966, 3446, 4634)
0.6379846299974096 0.744408945686901
Ending: 10/18/24 14:26:38
