Job ID: 9091
Node: node002 echo Starting: 10/18/24 14:55:54
aballo
Reading lines...
Transfer numbers...
Indexing words...
keep_words 3671 / 9971 = 0.3682
Indexed 3674 words in input language, 23 words in output
Number of training data 18530
Number of testind data 4632
/home/lbiester/.conda/envs/CS457/lib/python3.10/site-packages/torch/optim/lr_scheduler.py:136: UserWarning: Detected call of `lr_scheduler.step()` before `optimizer.step()`. In PyTorch 1.1.0 and later, you should call them in the opposite order: `optimizer.step()` before `lr_scheduler.step()`.  Failure to do this will result in PyTorch skipping the first value of the learning rate schedule. See more details at https://pytorch.org/docs/stable/optim.html#how-to-adjust-learning-rate
  warnings.warn("Detected call of `lr_scheduler.step()` before `optimizer.step()`. "
fold: 1
epoch: 1
loss: 1.3626855204845296
training time 0h 2m 25s
--------------------------------
7 5
actual      ['-', 'N0', '*', '/', 'N0', 'N2', 'N1']
predicted   ['*', '/', 'N0', 'N1', 'N3']
same: 0 0.0


1153 1279 4632
test_answer_acc 0.24892055267702937 0.2761226252158895
testing time 0h 4m 16s
------------------------------------------------------
fold: 1
epoch: 2
loss: 0.8992656383021125
training time 0h 2m 21s
--------------------------------
fold: 1
epoch: 3
loss: 0.7362090387221041
training time 0h 2m 20s
--------------------------------
fold: 1
epoch: 4
loss: 0.646847741459978
training time 0h 2m 20s
--------------------------------
fold: 1
epoch: 5
loss: 0.5818127361864879
training time 0h 2m 20s
--------------------------------
fold: 1
epoch: 6
loss: 0.5413001654476955
training time 0h 2m 20s
--------------------------------
fold: 1
epoch: 7
loss: 0.5061735093593598
training time 0h 2m 21s
--------------------------------
fold: 1
epoch: 8
loss: 0.4773613850618231
training time 0h 2m 19s
--------------------------------
fold: 1
epoch: 9
loss: 0.455497364442924
training time 0h 2m 20s
--------------------------------
fold: 1
epoch: 10
loss: 0.43468004876169664
training time 0h 2m 21s
--------------------------------
fold: 1
epoch: 11
loss: 0.4201748885985078
training time 0h 2m 20s
--------------------------------
7 7
actual      ['-', 'N0', '*', '/', 'N0', 'N2', 'N1']
predicted   ['-', 'N0', '*', '/', 'N0', 'N1', 'N2']
same: 5 0.7142857142857143


2626 3040 4632
test_answer_acc 0.5669257340241797 0.6563039723661486
testing time 0h 4m 40s
------------------------------------------------------
fold: 1
epoch: 12
loss: 0.40540000693551426
training time 0h 2m 19s
--------------------------------
fold: 1
epoch: 13
loss: 0.390330802469418
training time 0h 2m 20s
--------------------------------
fold: 1
epoch: 14
loss: 0.38105367540285506
training time 0h 2m 20s
--------------------------------
fold: 1
epoch: 15
loss: 0.3724987194455903
training time 0h 2m 19s
--------------------------------
fold: 1
epoch: 16
loss: 0.3665524589090512
training time 0h 2m 20s
--------------------------------
fold: 1
epoch: 17
loss: 0.35621981949641784
training time 0h 2m 21s
--------------------------------
fold: 1
epoch: 18
loss: 0.34545787351912466
training time 0h 2m 20s
--------------------------------
fold: 1
epoch: 19
loss: 0.34163630445455684
training time 0h 2m 20s
--------------------------------
fold: 1
epoch: 20
loss: 0.301091091694503
training time 0h 2m 20s
--------------------------------
fold: 1
epoch: 21
loss: 0.27550584416964957
training time 0h 2m 20s
--------------------------------
7 7
actual      ['-', 'N0', '*', '/', 'N0', 'N2', 'N1']
predicted   ['-', 'N0', '*', '/', 'N0', 'N1', 'N3']
same: 5 0.7142857142857143


2863 3294 4632
test_answer_acc 0.6180915371329879 0.711139896373057
testing time 0h 4m 34s
------------------------------------------------------
fold: 1
epoch: 22
loss: 0.26376299087343547
training time 0h 2m 19s
--------------------------------
fold: 1
epoch: 23
loss: 0.25252137952323617
training time 0h 2m 19s
--------------------------------
fold: 1
epoch: 24
loss: 0.24510182666367497
training time 0h 2m 20s
--------------------------------
fold: 1
epoch: 25
loss: 0.2353269735030059
training time 0h 2m 21s
--------------------------------
fold: 1
epoch: 26
loss: 0.2330785625967486
training time 0h 2m 19s
--------------------------------
fold: 1
epoch: 27
loss: 0.2258571833372116
training time 0h 2m 21s
--------------------------------
fold: 1
epoch: 28
loss: 0.22222286313772202
training time 0h 2m 20s
--------------------------------
fold: 1
epoch: 29
loss: 0.2174976416189095
training time 0h 2m 21s
--------------------------------
fold: 1
epoch: 30
loss: 0.21344713440229152
training time 0h 2m 20s
--------------------------------
fold: 1
epoch: 31
loss: 0.20743482693515974
training time 0h 2m 20s
--------------------------------
7 7
actual      ['-', 'N0', '*', '/', 'N0', 'N2', 'N1']
predicted   ['-', 'N0', '*', '/', 'N0', 'N1', 'N3']
same: 5 0.7142857142857143


2886 3349 4632
test_answer_acc 0.6230569948186528 0.7230138169257341
testing time 0h 4m 32s
------------------------------------------------------
fold: 1
epoch: 32
loss: 0.2048275233085813
training time 0h 2m 19s
--------------------------------
fold: 1
epoch: 33
loss: 0.20030111932548983
training time 0h 2m 20s
--------------------------------
fold: 1
epoch: 34
loss: 0.19883060046824916
training time 0h 2m 20s
--------------------------------
fold: 1
epoch: 35
loss: 0.19142348607038628
training time 0h 2m 19s
--------------------------------
fold: 1
epoch: 36
loss: 0.18884332192869022
training time 0h 2m 19s
--------------------------------
fold: 1
epoch: 37
loss: 0.18550599983026242
training time 0h 2m 20s
--------------------------------
fold: 1
epoch: 38
loss: 0.18403506553892432
training time 0h 2m 20s
--------------------------------
fold: 1
epoch: 39
loss: 0.18011153646070382
training time 0h 2m 20s
--------------------------------
fold: 1
epoch: 40
loss: 0.1622753015879927
training time 0h 2m 20s
--------------------------------
fold: 1
epoch: 41
loss: 0.15570190767275877
training time 0h 2m 21s
--------------------------------
7 9
actual      ['-', 'N0', '*', '/', 'N0', 'N2', 'N1']
predicted   ['-', 'N0', '*', '/', 'N0', 'N2', '/', 'N0', 'N2']
same: 6 0.75


2898 3377 4632
test_answer_acc 0.6256476683937824 0.7290587219343696
testing time 0h 4m 29s
------------------------------------------------------
fold: 1
epoch: 42
loss: 0.14744330264371017
training time 0h 2m 21s
--------------------------------
fold: 1
epoch: 43
loss: 0.14251868121069053
training time 0h 2m 20s
--------------------------------
fold: 1
epoch: 44
loss: 0.14153161339204887
training time 0h 2m 21s
--------------------------------
fold: 1
epoch: 45
loss: 0.13678790938494534
training time 0h 2m 21s
--------------------------------
fold: 1
epoch: 46
loss: 0.1341425219229583
training time 0h 2m 21s
--------------------------------
fold: 1
epoch: 47
loss: 0.12980809317066752
training time 0h 2m 21s
--------------------------------
fold: 1
epoch: 48
loss: 0.12830808532649074
training time 0h 2m 21s
--------------------------------
fold: 1
epoch: 49
loss: 0.1257379277512945
training time 0h 2m 20s
--------------------------------
fold: 1
epoch: 50
loss: 0.12394696188897922
training time 0h 2m 20s
--------------------------------
fold: 1
epoch: 51
loss: 0.12119624960268366
training time 0h 2m 21s
--------------------------------
7 7
actual      ['-', 'N0', '*', '/', 'N0', 'N2', 'N1']
predicted   ['*', '/', 'N0', 'N2', '/', 'N0', 'N2']
same: 0 0.0


2913 3393 4632
test_answer_acc 0.6288860103626943 0.7325129533678757
testing time 0h 4m 21s
------------------------------------------------------
fold: 1
epoch: 52
loss: 0.11762548814816721
training time 0h 2m 21s
--------------------------------
fold: 1
epoch: 53
loss: 0.11580801440467095
training time 0h 2m 20s
--------------------------------
fold: 1
epoch: 54
loss: 0.11766827285032848
training time 0h 2m 21s
--------------------------------
fold: 1
epoch: 55
loss: 0.1133218776948493
training time 0h 2m 20s
--------------------------------
fold: 1
epoch: 56
loss: 0.11310142328769997
training time 0h 2m 21s
--------------------------------
fold: 1
epoch: 57
loss: 0.10940799546138993
training time 0h 2m 20s
--------------------------------
fold: 1
epoch: 58
loss: 0.10875001196460478
training time 0h 2m 21s
--------------------------------
fold: 1
epoch: 59
loss: 0.10583555910350947
training time 0h 2m 21s
--------------------------------
fold: 1
epoch: 60
loss: 0.10059768441936065
training time 0h 2m 21s
--------------------------------
fold: 1
epoch: 61
loss: 0.09918537778330261
training time 0h 2m 20s
--------------------------------
7 9
actual      ['-', 'N0', '*', '/', 'N0', 'N2', 'N1']
predicted   ['-', 'N0', '*', '/', 'N0', 'N2', '/', 'N3', 'N1']
same: 6 0.75


2911 3417 4632
test_answer_acc 0.6284542314335061 0.7376943005181347
testing time 0h 4m 28s
------------------------------------------------------
fold: 1
epoch: 62
loss: 0.09360428976601567
training time 0h 2m 23s
--------------------------------
fold: 1
epoch: 63
loss: 0.09139609317584284
training time 0h 2m 26s
--------------------------------
fold: 1
epoch: 64
loss: 0.09082974285401146
training time 0h 2m 26s
--------------------------------
fold: 1
epoch: 65
loss: 0.08816431245670237
training time 0h 2m 26s
--------------------------------
fold: 1
epoch: 66
loss: 0.08809366966116017
training time 0h 2m 25s
--------------------------------
fold: 1
epoch: 67
loss: 0.08533873752658737
training time 0h 2m 26s
--------------------------------
fold: 1
epoch: 68
loss: 0.08398834443811713
training time 0h 2m 26s
--------------------------------
fold: 1
epoch: 69
loss: 0.08328527552557402
training time 0h 2m 26s
--------------------------------
fold: 1
epoch: 70
loss: 0.08264069294492746
training time 0h 2m 25s
--------------------------------
fold: 1
epoch: 71
loss: 0.08260059262272612
training time 0h 2m 25s
--------------------------------
7 9
actual      ['-', 'N0', '*', '/', 'N0', 'N2', 'N1']
predicted   ['-', 'N0', '*', '/', 'N0', 'N2', '/', 'N3', 'N1']
same: 6 0.75


2922 3434 4632
test_answer_acc 0.6308290155440415 0.7413644214162349
testing time 0h 4m 35s
------------------------------------------------------
fold: 1
epoch: 72
loss: 0.08208179848975149
training time 0h 2m 26s
--------------------------------
fold: 1
epoch: 73
loss: 0.08081225296161298
training time 0h 2m 25s
--------------------------------
fold: 1
epoch: 74
loss: 0.07950773196744508
training time 0h 2m 27s
--------------------------------
fold: 1
epoch: 75
loss: 0.07684827188094115
training time 0h 2m 25s
--------------------------------
fold: 1
epoch: 76
loss: 0.07649747498397683
training time 0h 2m 25s
--------------------------------
fold: 1
epoch: 77
loss: 0.07570959533211485
training time 0h 2m 34s
--------------------------------
7 5
actual      ['-', 'N0', '*', '/', 'N0', 'N2', 'N1']
predicted   ['*', '/', 'N0', 'N2', 'N1']
same: 0 0.0


2926 3428 4632
test_answer_acc 0.6316925734024179 0.7400690846286702
testing time 0h 5m 13s
------------------------------------------------------
fold: 1
epoch: 78
loss: 0.07604219291744561
training time 0h 2m 25s
--------------------------------
7 9
actual      ['-', 'N0', '*', '/', 'N0', 'N2', 'N1']
predicted   ['-', 'N0', '*', '/', 'N0', 'N2', '/', 'N3', 'N1']
same: 6 0.75


2883 3417 4632
test_answer_acc 0.6224093264248705 0.7376943005181347
testing time 0h 4m 32s
------------------------------------------------------
fold: 1
epoch: 79
loss: 0.07468007810670754
training time 0h 2m 24s
--------------------------------
7 9
actual      ['-', 'N0', '*', '/', 'N0', 'N2', 'N1']
predicted   ['-', 'N0', '*', '/', 'N0', 'N2', '/', 'N0', 'N2']
same: 6 0.75


2890 3406 4632
test_answer_acc 0.6239205526770294 0.7353195164075993
testing time 0h 4m 30s
------------------------------------------------------
fold: 1
epoch: 80
loss: 0.07316183948182854
training time 0h 2m 25s
--------------------------------
7 9
actual      ['-', 'N0', '*', '/', 'N0', 'N2', 'N1']
predicted   ['-', 'N0', '*', '/', 'N0', 'N2', '/', 'N0', 'N1']
same: 6 0.75


2899 3425 4632
test_answer_acc 0.6258635578583766 0.7394214162348878
testing time 0h 4m 34s
------------------------------------------------------
Indexing words...
keep_words 3687 / 10014 = 0.3682
Indexed 3690 words in input language, 23 words in output
Number of training data 18530
Number of testind data 4632
fold: 2
epoch: 1
loss: 1.372418428083946
training time 0h 2m 26s
--------------------------------
3 3
actual      ['*', 'N0', 'N1']
predicted   ['*', 'N0', 'N1']
same: 3 1.0


1153 1302 4632
test_answer_acc 0.24892055267702937 0.2810880829015544
testing time 0h 5m 9s
------------------------------------------------------
fold: 2
epoch: 2
loss: 0.9060229478211238
training time 0h 2m 26s
--------------------------------
fold: 2
epoch: 3
loss: 0.7401544042702379
training time 0h 2m 26s
--------------------------------
fold: 2
epoch: 4
loss: 0.6485434402679575
training time 0h 2m 27s
--------------------------------
fold: 2
epoch: 5
loss: 0.5913900620978454
training time 0h 2m 27s
--------------------------------
fold: 2
epoch: 6
loss: 0.5405392219280375
training time 0h 2m 26s
--------------------------------
fold: 2
epoch: 7
loss: 0.5103802603894266
training time 0h 2m 26s
--------------------------------
fold: 2
epoch: 8
loss: 0.4822553628477557
training time 0h 2m 27s
--------------------------------
fold: 2
epoch: 9
loss: 0.45742280863482376
training time 0h 2m 26s
--------------------------------
fold: 2
epoch: 10
loss: 0.4372295181299078
training time 0h 2m 27s
--------------------------------
fold: 2
epoch: 11
loss: 0.421110983244304
training time 0h 2m 27s
--------------------------------
3 3
actual      ['*', 'N0', 'N1']
predicted   ['*', 'N0', 'N1']
same: 3 1.0


2764 3165 4632
test_answer_acc 0.5967184801381693 0.6832901554404145
testing time 0h 4m 47s
------------------------------------------------------
fold: 2
epoch: 12
loss: 0.40875771652007925
training time 0h 2m 27s
--------------------------------
fold: 2
epoch: 13
loss: 0.3930214996995597
training time 0h 2m 37s
--------------------------------
fold: 2
epoch: 14
loss: 0.38208249838187774
training time 0h 2m 43s
--------------------------------
fold: 2
epoch: 15
loss: 0.36785305656235795
training time 0h 2m 43s
--------------------------------
fold: 2
epoch: 16
loss: 0.3643911245054212
training time 0h 2m 44s
--------------------------------
fold: 2
epoch: 17
loss: 0.35668729667005866
training time 0h 2m 43s
--------------------------------
fold: 2
epoch: 18
loss: 0.3454304873943329
training time 0h 2m 39s
--------------------------------
fold: 2
epoch: 19
loss: 0.33852738835688295
training time 0h 2m 27s
--------------------------------
fold: 2
epoch: 20
loss: 0.30213294229630766
training time 0h 2m 26s
--------------------------------
fold: 2
epoch: 21
loss: 0.2769159268202453
training time 0h 2m 27s
--------------------------------
3 3
actual      ['*', 'N0', 'N1']
predicted   ['*', 'N0', 'N1']
same: 3 1.0


2898 3330 4632
test_answer_acc 0.6256476683937824 0.7189119170984456
testing time 0h 4m 41s
------------------------------------------------------
fold: 2
epoch: 22
loss: 0.26147632719627745
training time 0h 2m 26s
--------------------------------
fold: 2
epoch: 23
loss: 0.24936342573371426
training time 0h 2m 26s
--------------------------------
fold: 2
epoch: 24
loss: 0.24469733104623598
training time 0h 2m 26s
--------------------------------
fold: 2
epoch: 25
loss: 0.23942226199754355
training time 0h 2m 26s
--------------------------------
fold: 2
epoch: 26
loss: 0.23112635142330465
training time 0h 2m 26s
--------------------------------
fold: 2
epoch: 27
loss: 0.22324714984359412
training time 0h 2m 26s
--------------------------------
fold: 2
epoch: 28
loss: 0.22044506561139535
training time 0h 2m 26s
--------------------------------
fold: 2
epoch: 29
loss: 0.2139143968450612
training time 0h 2m 27s
--------------------------------
fold: 2
epoch: 30
loss: 0.21373061758690867
training time 0h 2m 26s
--------------------------------
fold: 2
epoch: 31
loss: 0.21086383063731523
training time 0h 2m 26s
--------------------------------
3 3
actual      ['*', 'N0', 'N1']
predicted   ['*', 'N0', 'N1']
same: 3 1.0


2916 3377 4632
test_answer_acc 0.6295336787564767 0.7290587219343696
testing time 0h 4m 38s
------------------------------------------------------
fold: 2
epoch: 32
loss: 0.20461457220130952
training time 0h 2m 26s
--------------------------------
fold: 2
epoch: 33
loss: 0.20040613525900347
training time 0h 2m 26s
--------------------------------
fold: 2
epoch: 34
loss: 0.1970749350971189
training time 0h 2m 27s
--------------------------------
fold: 2
epoch: 35
loss: 0.1941129435753
training time 0h 2m 26s
--------------------------------
fold: 2
epoch: 36
loss: 0.18982194451422527
training time 0h 2m 27s
--------------------------------
fold: 2
epoch: 37
loss: 0.18391377882196985
training time 0h 2m 26s
--------------------------------
fold: 2
epoch: 38
loss: 0.1827522163761073
training time 0h 2m 26s
--------------------------------
fold: 2
epoch: 39
loss: 0.181720273813297
training time 0h 2m 27s
--------------------------------
fold: 2
epoch: 40
loss: 0.16346323343700375
training time 0h 2m 26s
--------------------------------
fold: 2
epoch: 41
loss: 0.15653825137635757
training time 0h 2m 27s
--------------------------------
3 3
actual      ['*', 'N0', 'N1']
predicted   ['*', 'N0', 'N1']
same: 3 1.0


2981 3444 4632
test_answer_acc 0.643566493955095 0.7435233160621761
testing time 0h 4m 42s
------------------------------------------------------
fold: 2
epoch: 42
loss: 0.14716190693193468
training time 0h 2m 26s
--------------------------------
fold: 2
epoch: 43
loss: 0.14293997351979387
training time 0h 2m 26s
--------------------------------
fold: 2
epoch: 44
loss: 0.1386047757005897
training time 0h 2m 26s
--------------------------------
fold: 2
epoch: 45
loss: 0.1367414693637141
training time 0h 2m 26s
--------------------------------
fold: 2
epoch: 46
loss: 0.13145986469141369
training time 0h 2m 25s
--------------------------------
fold: 2
epoch: 47
loss: 0.13037142102317564
training time 0h 2m 26s
--------------------------------
fold: 2
epoch: 48
loss: 0.12708491008600284
training time 0h 2m 26s
--------------------------------
fold: 2
epoch: 49
loss: 0.12610985153707965
training time 0h 2m 27s
--------------------------------
fold: 2
epoch: 50
loss: 0.122451578915633
training time 0h 2m 26s
--------------------------------
fold: 2
epoch: 51
loss: 0.12038686695540773
training time 0h 2m 27s
--------------------------------
3 3
actual      ['*', 'N0', 'N1']
predicted   ['*', 'N0', 'N1']
same: 3 1.0


2976 3448 4632
test_answer_acc 0.6424870466321243 0.7443868739205527
testing time 0h 4m 38s
------------------------------------------------------
fold: 2
epoch: 52
loss: 0.11779135053270849
training time 0h 2m 26s
--------------------------------
fold: 2
epoch: 53
loss: 0.11671933132255899
training time 0h 2m 26s
--------------------------------
fold: 2
epoch: 54
loss: 0.1158804728553213
training time 0h 2m 26s
--------------------------------
fold: 2
epoch: 55
loss: 0.11189414450320705
training time 0h 2m 25s
--------------------------------
fold: 2
epoch: 56
loss: 0.11202923049186839
training time 0h 2m 26s
--------------------------------
fold: 2
epoch: 57
loss: 0.10927220593238698
training time 0h 2m 26s
--------------------------------
fold: 2
epoch: 58
loss: 0.10710174786890375
training time 0h 2m 27s
--------------------------------
fold: 2
epoch: 59
loss: 0.10715254892049164
training time 0h 2m 27s
--------------------------------
fold: 2
epoch: 60
loss: 0.10025987411881315
training time 0h 2m 26s
--------------------------------
fold: 2
epoch: 61
loss: 0.0959205301414276
training time 0h 2m 26s
--------------------------------
3 3
actual      ['*', 'N0', 'N1']
predicted   ['*', 'N0', 'N1']
same: 3 1.0


2983 3486 4632
test_answer_acc 0.6439982728842832 0.7525906735751295
testing time 0h 4m 33s
------------------------------------------------------
fold: 2
epoch: 62
loss: 0.09419741263805792
training time 0h 2m 27s
--------------------------------
fold: 2
epoch: 63
loss: 0.08949207556915695
training time 0h 2m 26s
--------------------------------
fold: 2
epoch: 64
loss: 0.08817142323301784
training time 0h 2m 26s
--------------------------------
fold: 2
epoch: 65
loss: 0.08853012161522077
training time 0h 2m 27s
--------------------------------
fold: 2
epoch: 66
loss: 0.08919959115827905
training time 0h 2m 26s
--------------------------------
fold: 2
epoch: 67
loss: 0.08637746842256908
training time 0h 2m 26s
--------------------------------
fold: 2
epoch: 68
loss: 0.08402781406867094
training time 0h 2m 26s
--------------------------------
fold: 2
epoch: 69
loss: 0.0848318692104056
training time 0h 2m 27s
--------------------------------
fold: 2
epoch: 70
loss: 0.08375627977837777
training time 0h 2m 26s
--------------------------------
fold: 2
epoch: 71
loss: 0.08057406913360644
training time 0h 2m 26s
--------------------------------
3 3
actual      ['*', 'N0', 'N1']
predicted   ['*', 'N0', 'N1']
same: 3 1.0


2981 3483 4632
test_answer_acc 0.643566493955095 0.7519430051813472
testing time 0h 4m 36s
------------------------------------------------------
fold: 2
epoch: 72
loss: 0.07968650494284671
training time 0h 2m 26s
--------------------------------
fold: 2
epoch: 73
loss: 0.0798311010902298
training time 0h 2m 27s
--------------------------------
fold: 2
epoch: 74
loss: 0.07926732192522493
training time 0h 2m 25s
--------------------------------
fold: 2
epoch: 75
loss: 0.07853343603682929
training time 0h 2m 27s
--------------------------------
fold: 2
epoch: 76
loss: 0.07675916650171938
training time 0h 2m 26s
--------------------------------
fold: 2
epoch: 77
loss: 0.07586543679494283
training time 0h 2m 27s
--------------------------------
3 3
actual      ['*', 'N0', 'N1']
predicted   ['*', 'N0', 'N1']
same: 3 1.0


2972 3474 4632
test_answer_acc 0.6416234887737479 0.75
testing time 0h 4m 32s
------------------------------------------------------
fold: 2
epoch: 78
loss: 0.07518414106091549
training time 0h 2m 27s
--------------------------------
3 3
actual      ['*', 'N0', 'N1']
predicted   ['*', 'N0', 'N1']
same: 3 1.0


2985 3486 4632
test_answer_acc 0.6444300518134715 0.7525906735751295
testing time 0h 4m 35s
------------------------------------------------------
fold: 2
epoch: 79
loss: 0.07194757044700713
training time 0h 2m 26s
--------------------------------
3 3
actual      ['*', 'N0', 'N1']
predicted   ['*', 'N0', 'N1']
same: 3 1.0


2980 3483 4632
test_answer_acc 0.6433506044905009 0.7519430051813472
testing time 0h 4m 38s
------------------------------------------------------
fold: 2
epoch: 80
loss: 0.07184313059110066
training time 0h 2m 26s
--------------------------------
3 3
actual      ['*', 'N0', 'N1']
predicted   ['*', 'N0', 'N1']
same: 3 1.0


2958 3480 4632
test_answer_acc 0.6386010362694301 0.7512953367875648
testing time 0h 4m 34s
------------------------------------------------------
Indexing words...
keep_words 3675 / 10000 = 0.3675
Indexed 3678 words in input language, 23 words in output
Number of training data 18530
Number of testind data 4632
fold: 3
epoch: 1
loss: 1.366938507351382
training time 0h 2m 24s
--------------------------------
5 3
actual      ['+', '+', 'N1', 'N1', 'N0']
predicted   ['*', 'N0', 'N1']
same: 1 0.25


1069 1222 4632
test_answer_acc 0.23078583765112262 0.26381692573402415
testing time 0h 4m 59s
------------------------------------------------------
fold: 3
epoch: 2
loss: 0.8951929984421566
training time 0h 2m 24s
--------------------------------
fold: 3
epoch: 3
loss: 0.727169341876589
training time 0h 2m 25s
--------------------------------
fold: 3
epoch: 4
loss: 0.6424746522615696
training time 0h 2m 25s
--------------------------------
fold: 3
epoch: 5
loss: 0.585297244581683
training time 0h 2m 24s
--------------------------------
fold: 3
epoch: 6
loss: 0.5426025111099769
training time 0h 2m 25s
--------------------------------
fold: 3
epoch: 7
loss: 0.5033588363178845
training time 0h 2m 24s
--------------------------------
fold: 3
epoch: 8
loss: 0.4785999536514282
training time 0h 2m 25s
--------------------------------
fold: 3
epoch: 9
loss: 0.45769686986660135
training time 0h 2m 25s
--------------------------------
fold: 3
epoch: 10
loss: 0.4346671175340126
training time 0h 2m 24s
--------------------------------
fold: 3
epoch: 11
loss: 0.4180838025335608
training time 0h 2m 24s
--------------------------------
5 3
actual      ['+', '+', 'N1', 'N1', 'N0']
predicted   ['*', 'N0', 'N1']
same: 1 0.25


2658 3045 4632
test_answer_acc 0.5738341968911918 0.6573834196891192
testing time 0h 4m 40s
------------------------------------------------------
fold: 3
epoch: 12
loss: 0.40508441128607453
training time 0h 2m 25s
--------------------------------
fold: 3
epoch: 13
loss: 0.39515165773958993
training time 0h 2m 25s
--------------------------------
fold: 3
epoch: 14
loss: 0.3810798242174346
training time 0h 2m 26s
--------------------------------
fold: 3
epoch: 15
loss: 0.374141484550361
training time 0h 2m 25s
--------------------------------
fold: 3
epoch: 16
loss: 0.3639058655705945
training time 0h 2m 24s
--------------------------------
fold: 3
epoch: 17
loss: 0.35073301576334853
training time 0h 2m 24s
--------------------------------
fold: 3
epoch: 18
loss: 0.34663609420431074
training time 0h 2m 25s
--------------------------------
fold: 3
epoch: 19
loss: 0.34194190163036875
training time 0h 2m 24s
--------------------------------
fold: 3
epoch: 20
loss: 0.29908879841196123
training time 0h 2m 25s
--------------------------------
fold: 3
epoch: 21
loss: 0.27421861563263267
training time 0h 2m 24s
--------------------------------
5 3
actual      ['+', '+', 'N1', 'N1', 'N0']
predicted   ['+', 'N0', 'N1']
same: 2 0.5


2874 3309 4632
test_answer_acc 0.6204663212435233 0.7143782383419689
testing time 0h 4m 34s
------------------------------------------------------
fold: 3
epoch: 22
loss: 0.26267873321113916
training time 0h 2m 25s
--------------------------------
fold: 3
epoch: 23
loss: 0.2521082956729264
training time 0h 2m 24s
--------------------------------
fold: 3
epoch: 24
loss: 0.24675022841527544
training time 0h 2m 25s
--------------------------------
fold: 3
epoch: 25
loss: 0.23813112827724425
training time 0h 2m 24s
--------------------------------
fold: 3
epoch: 26
loss: 0.22942632606317256
training time 0h 2m 24s
--------------------------------
fold: 3
epoch: 27
loss: 0.22614213518541434
training time 0h 2m 24s
--------------------------------
fold: 3
epoch: 28
loss: 0.22100649848580362
training time 0h 2m 24s
--------------------------------
fold: 3
epoch: 29
loss: 0.21480035034233125
training time 0h 2m 25s
--------------------------------
fold: 3
epoch: 30
loss: 0.21053351775325577
training time 0h 2m 25s
--------------------------------
fold: 3
epoch: 31
loss: 0.20671118220378612
training time 0h 2m 24s
--------------------------------
5 3
actual      ['+', '+', 'N1', 'N1', 'N0']
predicted   ['+', 'N0', 'N1']
same: 2 0.5


2924 3367 4632
test_answer_acc 0.6312607944732297 0.7268998272884283
testing time 0h 4m 31s
------------------------------------------------------
fold: 3
epoch: 32
loss: 0.20161492801431952
training time 0h 2m 25s
--------------------------------
fold: 3
epoch: 33
loss: 0.19934637158595284
training time 0h 2m 25s
--------------------------------
fold: 3
epoch: 34
loss: 0.1954546147893215
training time 0h 2m 34s
--------------------------------
fold: 3
epoch: 35
loss: 0.1896527806489632
training time 0h 2m 31s
--------------------------------
fold: 3
epoch: 36
loss: 0.18689962443092772
training time 0h 2m 25s
--------------------------------
fold: 3
epoch: 37
loss: 0.1852602353383755
training time 0h 2m 25s
--------------------------------
fold: 3
epoch: 38
loss: 0.1836917428877847
training time 0h 2m 26s
--------------------------------
fold: 3
epoch: 39
loss: 0.18016312628470618
training time 0h 2m 25s
--------------------------------
fold: 3
epoch: 40
loss: 0.16208530800609752
training time 0h 2m 24s
--------------------------------
fold: 3
epoch: 41
loss: 0.15553394250314811
training time 0h 2m 25s
--------------------------------
5 3
actual      ['+', '+', 'N1', 'N1', 'N0']
predicted   ['+', 'N0', 'N1']
same: 2 0.5


2932 3413 4632
test_answer_acc 0.6329879101899827 0.7368307426597582
testing time 0h 4m 31s
------------------------------------------------------
fold: 3
epoch: 42
loss: 0.14533768626379556
training time 0h 2m 24s
--------------------------------
fold: 3
epoch: 43
loss: 0.14131531046125395
training time 0h 2m 25s
--------------------------------
fold: 3
epoch: 44
loss: 0.13583463173488092
training time 0h 2m 24s
--------------------------------
fold: 3
epoch: 45
loss: 0.13420150599859912
training time 0h 2m 25s
--------------------------------
fold: 3
epoch: 46
loss: 0.13122152221100084
training time 0h 2m 24s
--------------------------------
fold: 3
epoch: 47
loss: 0.12859819874424358
training time 0h 2m 26s
--------------------------------
fold: 3
epoch: 48
loss: 0.1255579477497216
training time 0h 2m 25s
--------------------------------
fold: 3
epoch: 49
loss: 0.12414975736675592
training time 0h 2m 25s
--------------------------------
fold: 3
epoch: 50
loss: 0.12175721419525558
training time 0h 2m 24s
--------------------------------
fold: 3
epoch: 51
loss: 0.1191558485015713
training time 0h 2m 25s
--------------------------------
5 3
actual      ['+', '+', 'N1', 'N1', 'N0']
predicted   ['*', 'N0', 'N1']
same: 1 0.25


2918 3409 4632
test_answer_acc 0.6299654576856649 0.7359671848013817
testing time 0h 4m 33s
------------------------------------------------------
fold: 3
epoch: 52
loss: 0.11877974257643881
training time 0h 2m 24s
--------------------------------
fold: 3
epoch: 53
loss: 0.11767637387945734
training time 0h 2m 25s
--------------------------------
fold: 3
epoch: 54
loss: 0.11469094531032546
training time 0h 2m 24s
--------------------------------
fold: 3
epoch: 55
loss: 0.11261777746780165
training time 0h 2m 24s
--------------------------------
fold: 3
epoch: 56
loss: 0.11063318910269902
training time 0h 2m 24s
--------------------------------
fold: 3
epoch: 57
loss: 0.10850424553299773
training time 0h 2m 24s
--------------------------------
fold: 3
epoch: 58
loss: 0.10822299681603909
training time 0h 2m 25s
--------------------------------
fold: 3
epoch: 59
loss: 0.10824265034291251
training time 0h 2m 25s
--------------------------------
fold: 3
epoch: 60
loss: 0.09853150484890773
training time 0h 2m 25s
--------------------------------
fold: 3
epoch: 61
loss: 0.09538994849627389
training time 0h 2m 25s
--------------------------------
5 3
actual      ['+', '+', 'N1', 'N1', 'N0']
predicted   ['*', 'N0', 'N1']
same: 1 0.25


2935 3437 4632
test_answer_acc 0.6336355785837651 0.7420120898100173
testing time 0h 4m 29s
------------------------------------------------------
fold: 3
epoch: 62
loss: 0.09336449101181893
training time 0h 2m 24s
--------------------------------
fold: 3
epoch: 63
loss: 0.09135911963109312
training time 0h 2m 25s
--------------------------------
fold: 3
epoch: 64
loss: 0.08935214494322909
training time 0h 2m 25s
--------------------------------
fold: 3
epoch: 65
loss: 0.08748333275575063
training time 0h 2m 24s
--------------------------------
fold: 3
epoch: 66
loss: 0.08881332917973914
training time 0h 2m 25s
--------------------------------
fold: 3
epoch: 67
loss: 0.08425467667523129
training time 0h 2m 25s
--------------------------------
fold: 3
epoch: 68
loss: 0.08594187460839749
training time 0h 2m 24s
--------------------------------
fold: 3
epoch: 69
loss: 0.08199630283333104
training time 0h 2m 25s
--------------------------------
fold: 3
epoch: 70
loss: 0.08080459041842099
training time 0h 2m 25s
--------------------------------
fold: 3
epoch: 71
loss: 0.08116533023401581
training time 0h 2m 25s
--------------------------------
5 3
actual      ['+', '+', 'N1', 'N1', 'N0']
predicted   ['*', 'N0', 'N1']
same: 1 0.25


2941 3442 4632
test_answer_acc 0.6349309153713298 0.7430915371329879
testing time 0h 4m 29s
------------------------------------------------------
fold: 3
epoch: 72
loss: 0.07930190882420746
training time 0h 2m 25s
--------------------------------
fold: 3
epoch: 73
loss: 0.07925515878817131
training time 0h 2m 25s
--------------------------------
fold: 3
epoch: 74
loss: 0.07749172630238121
training time 0h 2m 25s
--------------------------------
fold: 3
epoch: 75
loss: 0.07560508828610182
training time 0h 2m 25s
--------------------------------
fold: 3
epoch: 76
loss: 0.07529138602187921
training time 0h 2m 25s
--------------------------------
fold: 3
epoch: 77
loss: 0.07413046469847703
training time 0h 2m 25s
--------------------------------
5 3
actual      ['+', '+', 'N1', 'N1', 'N0']
predicted   ['+', 'N0', 'N1']
same: 2 0.5


2924 3438 4632
test_answer_acc 0.6312607944732297 0.7422279792746114
testing time 0h 4m 29s
------------------------------------------------------
fold: 3
epoch: 78
loss: 0.07676257112159811
training time 0h 2m 24s
--------------------------------
5 3
actual      ['+', '+', 'N1', 'N1', 'N0']
predicted   ['*', 'N0', 'N1']
same: 1 0.25


2921 3438 4632
test_answer_acc 0.6306131260794473 0.7422279792746114
testing time 0h 4m 29s
------------------------------------------------------
fold: 3
epoch: 79
loss: 0.07347345174900417
training time 0h 2m 42s
--------------------------------
5 3
actual      ['+', '+', 'N1', 'N1', 'N0']
predicted   ['*', 'N0', 'N1']
same: 1 0.25


2924 3436 4632
test_answer_acc 0.6312607944732297 0.7417962003454232
testing time 0h 5m 34s
------------------------------------------------------
fold: 3
epoch: 80
loss: 0.06915669170818452
training time 0h 2m 42s
--------------------------------
5 3
actual      ['+', '+', 'N1', 'N1', 'N0']
predicted   ['*', 'N0', 'N1']
same: 1 0.25


2923 3434 4632
test_answer_acc 0.6310449050086355 0.7413644214162349
testing time 0h 4m 31s
------------------------------------------------------
Indexing words...
keep_words 3699 / 9984 = 0.3705
Indexed 3702 words in input language, 23 words in output
Number of training data 18530
Number of testind data 4632
fold: 4
epoch: 1
loss: 1.3707842559650028
training time 0h 2m 26s
--------------------------------
3 3
actual      ['*', 'N0', 'N1']
predicted   ['*', 'N0', 'N1']
same: 3 1.0


1169 1330 4632
test_answer_acc 0.25237478411053543 0.28713298791019
testing time 0h 5m 5s
------------------------------------------------------
fold: 4
epoch: 2
loss: 0.8913309195946003
training time 0h 2m 25s
--------------------------------
fold: 4
epoch: 3
loss: 0.7291069705938471
training time 0h 2m 25s
--------------------------------
fold: 4
epoch: 4
loss: 0.6423329720209385
training time 0h 2m 25s
--------------------------------
fold: 4
epoch: 5
loss: 0.579313767059096
training time 0h 2m 24s
--------------------------------
fold: 4
epoch: 6
loss: 0.5381981779789102
training time 0h 2m 25s
--------------------------------
fold: 4
epoch: 7
loss: 0.5065019399955355
training time 0h 2m 26s
--------------------------------
fold: 4
epoch: 8
loss: 0.47585697246008907
training time 0h 2m 25s
--------------------------------
fold: 4
epoch: 9
loss: 0.4543500026752209
training time 0h 2m 25s
--------------------------------
fold: 4
epoch: 10
loss: 0.4351207794814274
training time 0h 2m 25s
--------------------------------
fold: 4
epoch: 11
loss: 0.41946581555851575
training time 0h 2m 25s
--------------------------------
3 3
actual      ['*', 'N0', 'N1']
predicted   ['*', 'N0', 'N1']
same: 3 1.0


2615 3015 4632
test_answer_acc 0.5645509499136442 0.6509067357512953
testing time 0h 4m 44s
------------------------------------------------------
fold: 4
epoch: 12
loss: 0.4059639058750251
training time 0h 2m 25s
--------------------------------
fold: 4
epoch: 13
loss: 0.3922758360361231
training time 0h 2m 25s
--------------------------------
fold: 4
epoch: 14
loss: 0.38414247113055194
training time 0h 2m 25s
--------------------------------
fold: 4
epoch: 15
loss: 0.3750817478730761
training time 0h 2m 25s
--------------------------------
fold: 4
epoch: 16
loss: 0.36135888181883713
training time 0h 2m 25s
--------------------------------
fold: 4
epoch: 17
loss: 0.35173345655202864
training time 0h 2m 25s
--------------------------------
fold: 4
epoch: 18
loss: 0.34663334499145376
training time 0h 2m 25s
--------------------------------
fold: 4
epoch: 19
loss: 0.3385759743123219
training time 0h 2m 24s
--------------------------------
fold: 4
epoch: 20
loss: 0.30008836013489754
training time 0h 2m 24s
--------------------------------
fold: 4
epoch: 21
loss: 0.27536346840447395
training time 0h 2m 25s
--------------------------------
3 3
actual      ['*', 'N0', 'N1']
predicted   ['*', 'N0', 'N1']
same: 3 1.0


2784 3235 4632
test_answer_acc 0.6010362694300518 0.6984024179620034
testing time 0h 4m 36s
------------------------------------------------------
fold: 4
epoch: 22
loss: 0.26378078157531804
training time 0h 2m 26s
--------------------------------
fold: 4
epoch: 23
loss: 0.253888914143217
training time 0h 2m 26s
--------------------------------
fold: 4
epoch: 24
loss: 0.24595742667543477
training time 0h 2m 25s
--------------------------------
fold: 4
epoch: 25
loss: 0.23698746520897437
training time 0h 2m 25s
--------------------------------
fold: 4
epoch: 26
loss: 0.23145791710964564
training time 0h 2m 25s
--------------------------------
fold: 4
epoch: 27
loss: 0.22653602037964196
training time 0h 2m 25s
--------------------------------
fold: 4
epoch: 28
loss: 0.21994233193068669
training time 0h 2m 24s
--------------------------------
fold: 4
epoch: 29
loss: 0.21585338922410174
training time 0h 2m 25s
--------------------------------
fold: 4
epoch: 30
loss: 0.21033209582854961
training time 0h 2m 24s
--------------------------------
fold: 4
epoch: 31
loss: 0.20699465811766427
training time 0h 2m 24s
--------------------------------
3 3
actual      ['*', 'N0', 'N1']
predicted   ['*', 'N0', 'N1']
same: 3 1.0


2834 3298 4632
test_answer_acc 0.6118307426597582 0.7120034542314335
testing time 0h 4m 33s
------------------------------------------------------
fold: 4
epoch: 32
loss: 0.2029270040320939
training time 0h 2m 25s
--------------------------------
fold: 4
epoch: 33
loss: 0.20246225924327454
training time 0h 2m 26s
--------------------------------
fold: 4
epoch: 34
loss: 0.19602118280941042
training time 0h 2m 25s
--------------------------------
fold: 4
epoch: 35
loss: 0.19514612280603114
training time 0h 2m 25s
--------------------------------
fold: 4
epoch: 36
loss: 0.18866445542923335
training time 0h 2m 25s
--------------------------------
fold: 4
epoch: 37
loss: 0.18747490541688328
training time 0h 2m 25s
--------------------------------
fold: 4
epoch: 38
loss: 0.1824161737643439
training time 0h 2m 25s
--------------------------------
fold: 4
epoch: 39
loss: 0.18332810455868984
training time 0h 2m 26s
--------------------------------
fold: 4
epoch: 40
loss: 0.16540933459483345
training time 0h 2m 25s
--------------------------------
fold: 4
epoch: 41
loss: 0.15239672141856161
training time 0h 2m 25s
--------------------------------
3 3
actual      ['*', 'N0', 'N1']
predicted   ['*', 'N0', 'N1']
same: 3 1.0


2881 3359 4632
test_answer_acc 0.6219775474956822 0.7251727115716753
testing time 0h 4m 36s
------------------------------------------------------
fold: 4
epoch: 42
loss: 0.14871404019409212
training time 0h 2m 24s
--------------------------------
fold: 4
epoch: 43
loss: 0.1438073344528675
training time 0h 2m 26s
--------------------------------
fold: 4
epoch: 44
loss: 0.13955612711865326
training time 0h 2m 25s
--------------------------------
fold: 4
epoch: 45
loss: 0.13570232637997331
training time 0h 2m 25s
--------------------------------
fold: 4
epoch: 46
loss: 0.13120222903531173
training time 0h 2m 25s
--------------------------------
fold: 4
epoch: 47
loss: 0.12910569508014055
training time 0h 2m 25s
--------------------------------
fold: 4
epoch: 48
loss: 0.12770794499023208
training time 0h 2m 26s
--------------------------------
fold: 4
epoch: 49
loss: 0.1246717577479009
training time 0h 2m 26s
--------------------------------
fold: 4
epoch: 50
loss: 0.12408693431523339
training time 0h 2m 24s
--------------------------------
fold: 4
epoch: 51
loss: 0.12005712314155595
training time 0h 2m 24s
--------------------------------
3 3
actual      ['*', 'N0', 'N1']
predicted   ['*', 'N0', 'N1']
same: 3 1.0


2905 3389 4632
test_answer_acc 0.6271588946459413 0.7316493955094991
testing time 0h 4m 33s
------------------------------------------------------
fold: 4
epoch: 52
loss: 0.12002778217710297
training time 0h 2m 25s
--------------------------------
fold: 4
epoch: 53
loss: 0.11989269557184186
training time 0h 2m 24s
--------------------------------
fold: 4
epoch: 54
loss: 0.11567855332175206
training time 0h 2m 24s
--------------------------------
fold: 4
epoch: 55
loss: 0.11440983432634123
training time 0h 2m 23s
--------------------------------
fold: 4
epoch: 56
loss: 0.11386155978102108
training time 0h 2m 24s
--------------------------------
fold: 4
epoch: 57
loss: 0.1113950111999594
training time 0h 2m 24s
--------------------------------
fold: 4
epoch: 58
loss: 0.10688106963603661
training time 0h 2m 24s
--------------------------------
fold: 4
epoch: 59
loss: 0.10742087252438068
training time 0h 2m 25s
--------------------------------
fold: 4
epoch: 60
loss: 0.10274248530381712
training time 0h 2m 24s
--------------------------------
fold: 4
epoch: 61
loss: 0.09542711888407839
training time 0h 2m 24s
--------------------------------
3 3
actual      ['*', 'N0', 'N1']
predicted   ['*', 'N0', 'N1']
same: 3 1.0


2908 3414 4632
test_answer_acc 0.6278065630397237 0.7370466321243523
testing time 0h 4m 39s
------------------------------------------------------
fold: 4
epoch: 62
loss: 0.09410651002464623
training time 0h 2m 25s
--------------------------------
fold: 4
epoch: 63
loss: 0.0903226676814515
training time 0h 2m 24s
--------------------------------
fold: 4
epoch: 64
loss: 0.09029792508688467
training time 0h 2m 24s
--------------------------------
fold: 4
epoch: 65
loss: 0.0897040989442632
training time 0h 2m 25s
--------------------------------
fold: 4
epoch: 66
loss: 0.08794101579435941
training time 0h 2m 31s
--------------------------------
fold: 4
epoch: 67
loss: 0.08672334741929481
training time 0h 2m 29s
--------------------------------
fold: 4
epoch: 68
loss: 0.08632171217609068
training time 0h 2m 24s
--------------------------------
fold: 4
epoch: 69
loss: 0.08355532888451526
training time 0h 2m 24s
--------------------------------
fold: 4
epoch: 70
loss: 0.0833746715352453
training time 0h 2m 25s
--------------------------------
fold: 4
epoch: 71
loss: 0.08114989827676065
training time 0h 2m 25s
--------------------------------
3 3
actual      ['*', 'N0', 'N1']
predicted   ['*', 'N0', 'N1']
same: 3 1.0


2915 3416 4632
test_answer_acc 0.6293177892918825 0.7374784110535406
testing time 0h 4m 29s
------------------------------------------------------
fold: 4
epoch: 72
loss: 0.0789198267562636
training time 0h 2m 25s
--------------------------------
fold: 4
epoch: 73
loss: 0.08046463104928361
training time 0h 2m 24s
--------------------------------
fold: 4
epoch: 74
loss: 0.07986580340898243
training time 0h 2m 25s
--------------------------------
fold: 4
epoch: 75
loss: 0.07849676492784557
training time 0h 2m 25s
--------------------------------
fold: 4
epoch: 76
loss: 0.07722675849137635
training time 0h 2m 25s
--------------------------------
fold: 4
epoch: 77
loss: 0.07655140906572341
training time 0h 2m 25s
--------------------------------
3 3
actual      ['*', 'N0', 'N1']
predicted   ['*', 'N0', 'N1']
same: 3 1.0


2927 3427 4632
test_answer_acc 0.6319084628670121 0.739853195164076
testing time 0h 4m 33s
------------------------------------------------------
fold: 4
epoch: 78
loss: 0.0753160009224867
training time 0h 2m 24s
--------------------------------
3 3
actual      ['*', 'N0', 'N1']
predicted   ['*', 'N0', 'N1']
same: 3 1.0


2932 3423 4632
test_answer_acc 0.6329879101899827 0.7389896373056994
testing time 0h 4m 32s
------------------------------------------------------
fold: 4
epoch: 79
loss: 0.07502521093420941
training time 0h 2m 27s
--------------------------------
3 3
actual      ['*', 'N0', 'N1']
predicted   ['*', 'N0', 'N1']
same: 3 1.0


2931 3433 4632
test_answer_acc 0.6327720207253886 0.7411485319516408
testing time 0h 5m 27s
------------------------------------------------------
fold: 4
epoch: 80
loss: 0.07175524853298376
training time 0h 2m 25s
--------------------------------
3 3
actual      ['*', 'N0', 'N1']
predicted   ['*', 'N0', 'N1']
same: 3 1.0


2940 3437 4632
test_answer_acc 0.6347150259067358 0.7420120898100173
testing time 0h 4m 33s
------------------------------------------------------
Indexing words...
keep_words 3690 / 9962 = 0.3704
Indexed 3693 words in input language, 23 words in output
Number of training data 18528
Number of testind data 4634
fold: 5
epoch: 1
loss: 1.3628087056094202
training time 0h 2m 25s
--------------------------------
5 5
actual      ['-', '-', 'N2', 'N0', 'N1']
predicted   ['/', '+', 'N0', 'N1', 'N2']
same: 0 0.0


1186 1300 4634
test_answer_acc 0.25593439792835565 0.2805351747949935
testing time 0h 4m 27s
------------------------------------------------------
fold: 5
epoch: 2
loss: 0.8941588934125572
training time 0h 2m 27s
--------------------------------
fold: 5
epoch: 3
loss: 0.7377282278291111
training time 0h 2m 27s
--------------------------------
fold: 5
epoch: 4
loss: 0.6450822044035484
training time 0h 2m 27s
--------------------------------
fold: 5
epoch: 5
loss: 0.5827728735989538
training time 0h 2m 27s
--------------------------------
fold: 5
epoch: 6
loss: 0.5458910059312294
training time 0h 2m 26s
--------------------------------
fold: 5
epoch: 7
loss: 0.5089977378475254
training time 0h 2m 27s
--------------------------------
fold: 5
epoch: 8
loss: 0.4812030122197908
training time 0h 2m 25s
--------------------------------
fold: 5
epoch: 9
loss: 0.4578512946079517
training time 0h 2m 26s
--------------------------------
fold: 5
epoch: 10
loss: 0.4365862257521728
training time 0h 2m 26s
--------------------------------
fold: 5
epoch: 11
loss: 0.42443703279413025
training time 0h 2m 27s
--------------------------------
5 5
actual      ['-', '-', 'N2', 'N0', 'N1']
predicted   ['-', '+', 'N0', 'N1', 'N2']
same: 1 0.2


2713 3122 4634
test_answer_acc 0.5854553301683211 0.6737160120845922
testing time 0h 4m 42s
------------------------------------------------------
fold: 5
epoch: 12
loss: 0.40486397167731975
training time 0h 2m 27s
--------------------------------
fold: 5
epoch: 13
loss: 0.395620998380513
training time 0h 2m 26s
--------------------------------
fold: 5
epoch: 14
loss: 0.38179354492960305
training time 0h 2m 26s
--------------------------------
fold: 5
epoch: 15
loss: 0.372944533876304
training time 0h 2m 26s
--------------------------------
fold: 5
epoch: 16
loss: 0.3619530979929299
training time 0h 2m 26s
--------------------------------
fold: 5
epoch: 17
loss: 0.35341979208691365
training time 0h 2m 27s
--------------------------------
fold: 5
epoch: 18
loss: 0.349179421519411
training time 0h 2m 40s
--------------------------------
fold: 5
epoch: 19
loss: 0.3395325247069885
training time 0h 2m 26s
--------------------------------
fold: 5
epoch: 20
loss: 0.3003931591736859
training time 0h 2m 27s
--------------------------------
fold: 5
epoch: 21
loss: 0.2766654030002397
training time 0h 2m 27s
--------------------------------
5 5
actual      ['-', '-', 'N2', 'N0', 'N1']
predicted   ['-', '+', 'N0', 'N1', 'N2']
same: 1 0.2


2888 3306 4634
test_answer_acc 0.6232196806214934 0.7134225291324989
testing time 0h 4m 37s
------------------------------------------------------
fold: 5
epoch: 22
loss: 0.2625659302904688
training time 0h 2m 27s
--------------------------------
fold: 5
epoch: 23
loss: 0.25454082720238586
training time 0h 2m 26s
--------------------------------
fold: 5
epoch: 24
loss: 0.24506637161148007
training time 0h 2m 26s
--------------------------------
fold: 5
epoch: 25
loss: 0.23962753445937715
training time 0h 2m 30s
--------------------------------
fold: 5
epoch: 26
loss: 0.2310963969806145
training time 0h 2m 27s
--------------------------------
fold: 5
epoch: 27
loss: 0.2243952463413107
training time 0h 2m 27s
--------------------------------
fold: 5
epoch: 28
loss: 0.2236166187144559
training time 0h 2m 27s
--------------------------------
fold: 5
epoch: 29
loss: 0.21838221883979336
training time 0h 2m 27s
--------------------------------
fold: 5
epoch: 30
loss: 0.21192268986126472
training time 0h 2m 27s
--------------------------------
fold: 5
epoch: 31
loss: 0.20876868821937464
training time 0h 2m 27s
--------------------------------
5 5
actual      ['-', '-', 'N2', 'N0', 'N1']
predicted   ['/', '-', 'N2', 'N0', 'N1']
same: 4 0.8


2906 3342 4634
test_answer_acc 0.6271040138109625 0.7211911955114372
testing time 0h 4m 34s
------------------------------------------------------
fold: 5
epoch: 32
loss: 0.20092941969633102
training time 0h 2m 26s
--------------------------------
fold: 5
epoch: 33
loss: 0.199149217096896
training time 0h 2m 26s
--------------------------------
fold: 5
epoch: 34
loss: 0.1946812817762638
training time 0h 2m 28s
--------------------------------
fold: 5
epoch: 35
loss: 0.1931256872312776
training time 0h 2m 26s
--------------------------------
fold: 5
epoch: 36
loss: 0.19083594887934882
training time 0h 2m 26s
--------------------------------
fold: 5
epoch: 37
loss: 0.18628371943687572
training time 0h 2m 27s
--------------------------------
fold: 5
epoch: 38
loss: 0.1831045101428854
training time 0h 2m 27s
--------------------------------
fold: 5
epoch: 39
loss: 0.18268745675169187
training time 0h 2m 27s
--------------------------------
fold: 5
epoch: 40
loss: 0.16442732849511607
training time 0h 2m 27s
--------------------------------
fold: 5
epoch: 41
loss: 0.15344099654205914
training time 0h 2m 26s
--------------------------------
5 5
actual      ['-', '-', 'N2', 'N0', 'N1']
predicted   ['-', '+', 'N0', 'N1', 'N2']
same: 1 0.2


2935 3405 4634
test_answer_acc 0.6333621061717738 0.7347863616745792
testing time 0h 4m 34s
------------------------------------------------------
fold: 5
epoch: 42
loss: 0.15000704768402823
training time 0h 2m 25s
--------------------------------
fold: 5
epoch: 43
loss: 0.1440299336509458
training time 0h 2m 27s
--------------------------------
fold: 5
epoch: 44
loss: 0.13847741221302542
training time 0h 2m 27s
--------------------------------
fold: 5
epoch: 45
loss: 0.1355390407915773
training time 0h 2m 27s
--------------------------------
fold: 5
epoch: 46
loss: 0.13308531630398898
training time 0h 2m 27s
--------------------------------
fold: 5
epoch: 47
loss: 0.13078538562203276
training time 0h 2m 27s
--------------------------------
fold: 5
epoch: 48
loss: 0.1286327432198771
training time 0h 2m 27s
--------------------------------
fold: 5
epoch: 49
loss: 0.12523774776993127
training time 0h 2m 27s
--------------------------------
fold: 5
epoch: 50
loss: 0.12552836340819967
training time 0h 2m 45s
--------------------------------
fold: 5
epoch: 51
loss: 0.12028776037281957
training time 0h 2m 59s
--------------------------------
5 5
actual      ['-', '-', 'N2', 'N0', 'N1']
predicted   ['-', '+', 'N0', 'N1', 'N2']
same: 1 0.2


2940 3425 4634
test_answer_acc 0.6344410876132931 0.739102287440656
testing time 0h 4m 33s
------------------------------------------------------
fold: 5
epoch: 52
loss: 0.11947038638694533
training time 0h 2m 56s
--------------------------------
fold: 5
epoch: 53
loss: 0.11716395684614264
training time 0h 2m 33s
--------------------------------
fold: 5
epoch: 54
loss: 0.11598991341888905
training time 0h 2m 39s
--------------------------------
fold: 5
epoch: 55
loss: 0.11444728757286894
training time 0h 2m 27s
--------------------------------
fold: 5
epoch: 56
loss: 0.11228171407148756
training time 0h 2m 27s
--------------------------------
fold: 5
epoch: 57
loss: 0.11095865514000942
training time 0h 2m 26s
--------------------------------
fold: 5
epoch: 58
loss: 0.10922953581501697
training time 0h 2m 27s
--------------------------------
fold: 5
epoch: 59
loss: 0.10723256666598649
training time 0h 2m 27s
--------------------------------
fold: 5
epoch: 60
loss: 0.10053880930203817
training time 0h 2m 27s
--------------------------------
fold: 5
epoch: 61
loss: 0.09587175000844331
training time 0h 2m 26s
--------------------------------
5 5
actual      ['-', '-', 'N2', 'N0', 'N1']
predicted   ['-', '+', 'N0', 'N1', 'N2']
same: 1 0.2


2934 3410 4634
test_answer_acc 0.63314630988347 0.7358653431160984
testing time 0h 4m 29s
------------------------------------------------------
fold: 5
epoch: 62
loss: 0.09412144344171573
training time 0h 2m 42s
--------------------------------
fold: 5
epoch: 63
loss: 0.09360306438957823
training time 0h 2m 31s
--------------------------------
fold: 5
epoch: 64
loss: 0.0922308971720009
training time 0h 2m 26s
--------------------------------
fold: 5
epoch: 65
loss: 0.08890392090482958
training time 0h 2m 27s
--------------------------------
fold: 5
epoch: 66
loss: 0.08691397205894363
training time 0h 2m 26s
--------------------------------
fold: 5
epoch: 67
loss: 0.08767630427690415
training time 0h 2m 26s
--------------------------------
fold: 5
epoch: 68
loss: 0.0852667910528594
training time 0h 2m 26s
--------------------------------
fold: 5
epoch: 69
loss: 0.08282425478100777
training time 0h 2m 26s
--------------------------------
fold: 5
epoch: 70
loss: 0.0830237816505391
training time 0h 2m 27s
--------------------------------
fold: 5
epoch: 71
loss: 0.08305953536182642
training time 0h 2m 27s
--------------------------------
5 5
actual      ['-', '-', 'N2', 'N0', 'N1']
predicted   ['-', '+', 'N0', 'N1', 'N2']
same: 1 0.2


2928 3437 4634
test_answer_acc 0.631851532153647 0.7416918429003021
testing time 0h 4m 26s
------------------------------------------------------
fold: 5
epoch: 72
loss: 0.08059145104268502
training time 0h 2m 26s
--------------------------------
fold: 5
epoch: 73
loss: 0.07994928656723993
training time 0h 2m 26s
--------------------------------
fold: 5
epoch: 74
loss: 0.0770087584724714
training time 0h 2m 26s
--------------------------------
fold: 5
epoch: 75
loss: 0.07907791471686856
training time 0h 2m 27s
--------------------------------
fold: 5
epoch: 76
loss: 0.07676680896045833
training time 0h 2m 27s
--------------------------------
fold: 5
epoch: 77
loss: 0.07545769160035355
training time 0h 2m 27s
--------------------------------
5 5
actual      ['-', '-', 'N2', 'N0', 'N1']
predicted   ['-', '+', 'N0', 'N1', 'N2']
same: 1 0.2


2928 3423 4634
test_answer_acc 0.631851532153647 0.7386706948640483
testing time 0h 4m 33s
------------------------------------------------------
fold: 5
epoch: 78
loss: 0.07604011333836563
training time 0h 2m 27s
--------------------------------
5 5
actual      ['-', '-', 'N2', 'N0', 'N1']
predicted   ['-', '+', 'N0', 'N1', 'N2']
same: 1 0.2


2946 3439 4634
test_answer_acc 0.6357358653431161 0.7421234354769098
testing time 0h 4m 31s
------------------------------------------------------
fold: 5
epoch: 79
loss: 0.07579999182630202
training time 0h 2m 26s
--------------------------------
5 5
actual      ['-', '-', 'N2', 'N0', 'N1']
predicted   ['-', '+', 'N0', 'N1', 'N2']
same: 1 0.2


2910 3399 4634
test_answer_acc 0.6279671989641779 0.7334915839447561
testing time 0h 4m 31s
------------------------------------------------------
fold: 5
epoch: 80
loss: 0.07119757340385996
training time 0h 2m 38s
--------------------------------
5 5
actual      ['-', '-', 'N2', 'N0', 'N1']
predicted   ['-', '+', 'N0', 'N1', 'N2']
same: 1 0.2


2917 3417 4634
test_answer_acc 0.6294777729823047 0.7373759171342253
testing time 0h 4m 29s
------------------------------------------------------
(2899, 3425, 4632)
(2958, 3480, 4632)
(2923, 3434, 4632)
(2940, 3437, 4632)
(2917, 3417, 4634)
0.6319402469562214 0.7422934116224851
Ending: 10/19/24 11:53:08
